Using pre-set license
Built from '2022.3/staging' branch; Version is '2022.3.22f1 (887be4894c44) revision 8944612'; Using compiler version '192829333'; Build Type 'Release'
OS: 'Windows 11  (10.0.22631) 64bit Core' Language: 'en' Physical Memory: 16087 MB
BatchMode: 1, IsHumanControllingUs: 0, StartBugReporterOnCrash: 0, Is64bit: 1, IsPro: 1

COMMAND LINE ARGUMENTS:
C:\Program Files\Unity\Hub\Editor\2022.3.22f1\Editor\Unity.exe
-adb2
-batchMode
-noUpm
-name
AssetImportWorker0
-projectPath
C:/Users/rashi/Documents/GitHub/Zombieland/zombieland
-logFile
Logs/AssetImportWorker0.log
-srvPort
54970
Successfully changed project path to: C:/Users/rashi/Documents/GitHub/Zombieland/zombieland
C:/Users/rashi/Documents/GitHub/Zombieland/zombieland
[UnityMemory] Configuration Parameters - Can be set up in boot.config
    "memorysetup-bucket-allocator-granularity=16"
    "memorysetup-bucket-allocator-bucket-count=8"
    "memorysetup-bucket-allocator-block-size=33554432"
    "memorysetup-bucket-allocator-block-count=8"
    "memorysetup-main-allocator-block-size=16777216"
    "memorysetup-thread-allocator-block-size=16777216"
    "memorysetup-gfx-main-allocator-block-size=16777216"
    "memorysetup-gfx-thread-allocator-block-size=16777216"
    "memorysetup-cache-allocator-block-size=4194304"
    "memorysetup-typetree-allocator-block-size=2097152"
    "memorysetup-profiler-bucket-allocator-granularity=16"
    "memorysetup-profiler-bucket-allocator-bucket-count=8"
    "memorysetup-profiler-bucket-allocator-block-size=33554432"
    "memorysetup-profiler-bucket-allocator-block-count=8"
    "memorysetup-profiler-allocator-block-size=16777216"
    "memorysetup-profiler-editor-allocator-block-size=1048576"
    "memorysetup-temp-allocator-size-main=16777216"
    "memorysetup-job-temp-allocator-block-size=2097152"
    "memorysetup-job-temp-allocator-block-size-background=1048576"
    "memorysetup-job-temp-allocator-reduction-small-platforms=262144"
    "memorysetup-allocator-temp-initial-block-size-main=262144"
    "memorysetup-allocator-temp-initial-block-size-worker=262144"
    "memorysetup-temp-allocator-size-background-worker=32768"
    "memorysetup-temp-allocator-size-job-worker=262144"
    "memorysetup-temp-allocator-size-preload-manager=33554432"
    "memorysetup-temp-allocator-size-nav-mesh-worker=65536"
    "memorysetup-temp-allocator-size-audio-worker=65536"
    "memorysetup-temp-allocator-size-cloud-worker=32768"
    "memorysetup-temp-allocator-size-gi-baking-worker=262144"
    "memorysetup-temp-allocator-size-gfx=262144"
Player connection [17380] Host "[IP] 10.81.219.246 [Port] 0 [Flags] 2 [Guid] 3422603480 [EditorId] 3422603480 [Version] 1048832 [Id] WindowsEditor(7,MSI) [Debug] 1 [PackageName] WindowsEditor [ProjectName] Editor" joined multi-casting on [225.0.0.222:54997]...

Player connection [17380] Host "[IP] 10.81.219.246 [Port] 0 [Flags] 2 [Guid] 3422603480 [EditorId] 3422603480 [Version] 1048832 [Id] WindowsEditor(7,MSI) [Debug] 1 [PackageName] WindowsEditor [ProjectName] Editor" joined alternative multi-casting on [225.0.0.222:34997]...

[Physics::Module] Initialized MultithreadedJobDispatcher with 15 workers.
Refreshing native plugins compatible for Editor in 5340.58 ms, found 3 plugins.
Preloading 0 native plugins for Editor in 0.00 ms.
Initialize engine version: 2022.3.22f1 (887be4894c44)
[Subsystems] Discovering subsystems at path C:/Program Files/Unity/Hub/Editor/2022.3.22f1/Editor/Data/Resources/UnitySubsystems
[Subsystems] Discovering subsystems at path C:/Users/rashi/Documents/GitHub/Zombieland/zombieland/Assets
GfxDevice: creating device client; threaded=0; jobified=0
Direct3D:
    Version:  Direct3D 11.0 [level 11.1]
    Renderer: NVIDIA GeForce RTX 4060 Laptop GPU (ID=0x28a0)
    Vendor:   NVIDIA
    VRAM:     7971 MB
    Driver:   31.0.15.3667
Initialize mono
Mono path[0] = 'C:/Program Files/Unity/Hub/Editor/2022.3.22f1/Editor/Data/Managed'
Mono path[1] = 'C:/Program Files/Unity/Hub/Editor/2022.3.22f1/Editor/Data/MonoBleedingEdge/lib/mono/unityjit-win32'
Mono config path = 'C:/Program Files/Unity/Hub/Editor/2022.3.22f1/Editor/Data/MonoBleedingEdge/etc'
Using monoOptions --debugger-agent=transport=dt_socket,embedding=1,server=y,suspend=n,address=127.0.0.1:56232
Begin MonoManager ReloadAssembly
Registering precompiled unity dll's ...
Register platform support module: C:/Program Files/Unity/Hub/Editor/2022.3.22f1/Editor/Data/PlaybackEngines/WebGLSupport/UnityEditor.WebGL.Extensions.dll
Register platform support module: C:/Program Files/Unity/Hub/Editor/2022.3.22f1/Editor/Data/PlaybackEngines/WindowsStandaloneSupport/UnityEditor.WindowsStandalone.Extensions.dll
Registered in 0.285888 seconds.
- Loaded All Assemblies, in 17.030 seconds
Native extension for WindowsStandalone target not found
Native extension for WebGL target not found
Mono: successfully reloaded assembly
- Finished resetting the current domain, in  0.204 seconds
Domain Reload Profiling: 17233ms
	BeginReloadAssembly (15100ms)
		ExecutionOrderSort (0ms)
		DisableScriptedObjects (0ms)
		BackupInstance (0ms)
		ReleaseScriptingObjects (0ms)
		CreateAndSetChildDomain (1ms)
	RebuildCommonClasses (752ms)
	RebuildNativeTypeToScriptingClass (11ms)
	initialDomainReloadingComplete (325ms)
	LoadAllAssembliesAndSetupDomain (841ms)
		LoadAssemblies (15098ms)
		RebuildTransferFunctionScriptingTraits (0ms)
		AnalyzeDomain (840ms)
			TypeCache.Refresh (839ms)
				TypeCache.ScanAssembly (559ms)
			ScanForSourceGeneratedMonoScriptInfo (0ms)
			ResolveRequiredComponents (0ms)
	FinalizeReload (205ms)
		ReleaseScriptCaches (0ms)
		RebuildScriptCaches (0ms)
		SetupLoadedEditorAssemblies (157ms)
			LogAssemblyErrors (0ms)
			InitializePlatformSupportModulesInManaged (6ms)
			SetLoadedEditorAssemblies (4ms)
			RefreshPlugins (0ms)
			BeforeProcessingInitializeOnLoad (1ms)
			ProcessInitializeOnLoadAttributes (111ms)
			ProcessInitializeOnLoadMethodAttributes (34ms)
			AfterProcessingInitializeOnLoad (0ms)
			EditorAssembliesLoaded (0ms)
		ExecutionOrderSort2 (0ms)
		AwakeInstancesAfterBackupRestoration (0ms)
========================================================================
Worker process is ready to serve import requests
Begin MonoManager ReloadAssembly
- Loaded All Assemblies, in 13.565 seconds
Refreshing native plugins compatible for Editor in 7.61 ms, found 3 plugins.
Native extension for WindowsStandalone target not found
Native extension for WebGL target not found
Package Manager log level set to [2]
[Package Manager] Server::EnsureServerProcessIsRunning -- launch failed, reason: Unity was launched with the -noUpm command-line argument
[Package Manager] UpmClient::Send -- Unable to send message (not connected to UPM process).
[Package Manager] Cannot connect to Unity Package Manager local server
Mono: successfully reloaded assembly
- Finished resetting the current domain, in  1.383 seconds
Domain Reload Profiling: 14944ms
	BeginReloadAssembly (500ms)
		ExecutionOrderSort (0ms)
		DisableScriptedObjects (13ms)
		BackupInstance (0ms)
		ReleaseScriptingObjects (0ms)
		CreateAndSetChildDomain (85ms)
	RebuildCommonClasses (79ms)
	RebuildNativeTypeToScriptingClass (51ms)
	initialDomainReloadingComplete (132ms)
	LoadAllAssembliesAndSetupDomain (12797ms)
		LoadAssemblies (11668ms)
		RebuildTransferFunctionScriptingTraits (0ms)
		AnalyzeDomain (1428ms)
			TypeCache.Refresh (1377ms)
				TypeCache.ScanAssembly (1314ms)
			ScanForSourceGeneratedMonoScriptInfo (40ms)
			ResolveRequiredComponents (9ms)
	FinalizeReload (1383ms)
		ReleaseScriptCaches (0ms)
		RebuildScriptCaches (0ms)
		SetupLoadedEditorAssemblies (938ms)
			LogAssemblyErrors (0ms)
			InitializePlatformSupportModulesInManaged (18ms)
			SetLoadedEditorAssemblies (13ms)
			RefreshPlugins (0ms)
			BeforeProcessingInitializeOnLoad (155ms)
			ProcessInitializeOnLoadAttributes (702ms)
			ProcessInitializeOnLoadMethodAttributes (37ms)
			AfterProcessingInitializeOnLoad (13ms)
			EditorAssembliesLoaded (0ms)
		ExecutionOrderSort2 (0ms)
		AwakeInstancesAfterBackupRestoration (14ms)
Launched and connected shader compiler UnityShaderCompiler.exe after 0.11 seconds
Refreshing native plugins compatible for Editor in 11.67 ms, found 3 plugins.
Preloading 0 native plugins for Editor in 0.00 ms.
Unloading 3093 Unused Serialized files (Serialized files now loaded: 0)
Unloading 32 unused Assets / (57.4 KB). Loaded Objects now: 3554.
Memory consumption went from 121.4 MB to 121.3 MB.
Total: 4.716700 ms (FindLiveObjects: 0.314200 ms CreateObjectMapping: 0.123100 ms MarkObjects: 4.166100 ms  DeleteObjects: 0.112400 ms)

AssetImportParameters requested are different than current active one (requested -> active):
  custom:container-demuxer-ogg: 62fdf1f143b41e24485cea50d1cbac27 -> 
  custom:video-codec-MediaFoundation-h265: 746d11721c4dcdbdad8f713fa42b33f4 -> 
  custom:video-decoder-ogg-theora: a1e56fd34408186e4bbccfd4996cb3dc -> 
  custom:framework-win-MediaFoundation: 216162199b28c13a410421893ffa2e32 -> 
  custom:CustomObjectIndexerAttribute: 9a22284fe3817be447336de3de66b15e -> 
  custom:container-demuxer-webm: 4f35f7cbe854078d1ac9338744f61a02 -> 
  custom:container-muxer-webm: aa71ff27fc2769a1b78a27578f13a17b -> 
  custom:video-decoder-webm-vp8: 9c59270c3fd7afecdb556c50c9e8de78 -> 
  custom:SearchIndexIgnoredProperties: e643bd26f0fe6173181afceb89e7c659 -> 
  custom:AudioImporter_EditorPlatform: d09bf68614088b80899f8185d706f6e7 -> 
  custom:video-encoder-webm-vp8: eb34c28f22e8b96e1ab97ce403110664 -> 
  custom:audio-decoder-ogg-vorbis: bf7c407c2cedff20999df2af8eb42d56 -> 
  custom:audio-encoder-webm-vorbis: bf7c407c2cedff20999df2af8eb42d56 -> 
========================================================================
Received Import Request.
  Time since last request: 133236.654315 seconds.
  path: Assets/GameAssets/Sprites/BloodEffect.psd
  artifactKey: Guid(5ba8d8792c104fc4998c5266bc1aa63b) Importer(815301076,1909f56bfc062723c751e8b465ee728b)
Start importing Assets/GameAssets/Sprites/BloodEffect.psd using Guid(5ba8d8792c104fc4998c5266bc1aa63b) Importer(815301076,1909f56bfc062723c751e8b465ee728b)  -> (artifact id: '1c50263b03f4b81d69e75a3f916183f4') in 0.148055 seconds
Number of updated asset objects reloaded before import = 0
Number of asset objects unloaded after import = 2
========================================================================
Received Import Request.
  Time since last request: 0.000190 seconds.
  path: Assets/GameAssets/Sprites/Health.png
  artifactKey: Guid(2666ab0b9abc298409c04d2ddcfb856c) Importer(815301076,1909f56bfc062723c751e8b465ee728b)
Start importing Assets/GameAssets/Sprites/Health.png using Guid(2666ab0b9abc298409c04d2ddcfb856c) Importer(815301076,1909f56bfc062723c751e8b465ee728b)  -> (artifact id: '021f51f4b0157c0d4baaf00778be2f4f') in 0.031908 seconds
Number of updated asset objects reloaded before import = 0
Number of asset objects unloaded after import = 2
========================================================================
Received Import Request.
  Time since last request: 8.772509 seconds.
  path: Assets/GameAssets/Sprites/Crosshairs/crosshair002.png
  artifactKey: Guid(a90290b93d701364087e9d48bf0ea37d) Importer(815301076,1909f56bfc062723c751e8b465ee728b)
Start importing Assets/GameAssets/Sprites/Crosshairs/crosshair002.png using Guid(a90290b93d701364087e9d48bf0ea37d) Importer(815301076,1909f56bfc062723c751e8b465ee728b)  -> (artifact id: '923703f8e039c7504fd6add8387fdd7b') in 0.058612 seconds
Number of updated asset objects reloaded before import = 0
Number of asset objects unloaded after import = 3
========================================================================
Received Import Request.
  Time since last request: 0.000014 seconds.
  path: Assets/GameAssets/Sprites/Crosshairs/crosshair016.png
  artifactKey: Guid(d2c079c4eab4ac14a8b914f64248532a) Importer(815301076,1909f56bfc062723c751e8b465ee728b)
Start importing Assets/GameAssets/Sprites/Crosshairs/crosshair016.png using Guid(d2c079c4eab4ac14a8b914f64248532a) Importer(815301076,1909f56bfc062723c751e8b465ee728b)  -> (artifact id: 'd62bfa30e253db3b8a29386179ffb198') in 0.019342 seconds
Number of updated asset objects reloaded before import = 0
Number of asset objects unloaded after import = 3
========================================================================
Received Import Request.
  Time since last request: 0.000014 seconds.
  path: Assets/GameAssets/Sprites/Crosshairs/crosshair030.png
  artifactKey: Guid(a048b7e299b632a408bbdcd2f2258618) Importer(815301076,1909f56bfc062723c751e8b465ee728b)
Start importing Assets/GameAssets/Sprites/Crosshairs/crosshair030.png using Guid(a048b7e299b632a408bbdcd2f2258618) Importer(815301076,1909f56bfc062723c751e8b465ee728b)  -> (artifact id: 'c57f6fd12fd05947536f794188b2f415') in 0.020290 seconds
Number of updated asset objects reloaded before import = 0
Number of asset objects unloaded after import = 3
========================================================================
Received Import Request.
  Time since last request: 0.000013 seconds.
  path: Assets/GameAssets/Sprites/Crosshairs/crosshair039.png
  artifactKey: Guid(7192baf60c3792c4e975ac55a83e365f) Importer(815301076,1909f56bfc062723c751e8b465ee728b)
Start importing Assets/GameAssets/Sprites/Crosshairs/crosshair039.png using Guid(7192baf60c3792c4e975ac55a83e365f) Importer(815301076,1909f56bfc062723c751e8b465ee728b)  -> (artifact id: 'ccaed780f85f45127d692e35f59edc70') in 0.026856 seconds
Number of updated asset objects reloaded before import = 0
Number of asset objects unloaded after import = 3
========================================================================
Received Import Request.
  Time since last request: 0.000015 seconds.
  path: Assets/GameAssets/Sprites/Crosshairs/crosshair012.png
  artifactKey: Guid(ffd2c6d24e331e54e8448617adfa3889) Importer(815301076,1909f56bfc062723c751e8b465ee728b)
Start importing Assets/GameAssets/Sprites/Crosshairs/crosshair012.png using Guid(ffd2c6d24e331e54e8448617adfa3889) Importer(815301076,1909f56bfc062723c751e8b465ee728b)  -> (artifact id: '6ac1e6a12fc29f7248e2fb2a5159cf12') in 0.019259 seconds
Number of updated asset objects reloaded before import = 0
Number of asset objects unloaded after import = 3
========================================================================
Received Import Request.
  Time since last request: 0.000015 seconds.
  path: Assets/GameAssets/Sprites/Crosshairs/crosshair035.png
  artifactKey: Guid(b3cdb667c7616d640a004df65ebd035c) Importer(815301076,1909f56bfc062723c751e8b465ee728b)
Start importing Assets/GameAssets/Sprites/Crosshairs/crosshair035.png using Guid(b3cdb667c7616d640a004df65ebd035c) Importer(815301076,1909f56bfc062723c751e8b465ee728b)  -> (artifact id: '5a3ef6e4ae369863609c9fb6904b7d3c') in 0.015583 seconds
Number of updated asset objects reloaded before import = 0
Number of asset objects unloaded after import = 3
========================================================================
Received Import Request.
  Time since last request: 0.000017 seconds.
  path: Assets/GameAssets/Sprites/Crosshairs/crosshair015.png
  artifactKey: Guid(8f865fb1caa2cf34bbb3fab1f4681b1c) Importer(815301076,1909f56bfc062723c751e8b465ee728b)
Start importing Assets/GameAssets/Sprites/Crosshairs/crosshair015.png using Guid(8f865fb1caa2cf34bbb3fab1f4681b1c) Importer(815301076,1909f56bfc062723c751e8b465ee728b)  -> (artifact id: '61fbd42ec440f8ba96cb340d96ec1808') in 0.014659 seconds
Number of updated asset objects reloaded before import = 0
Number of asset objects unloaded after import = 3
========================================================================
Received Import Request.
  Time since last request: 0.000013 seconds.
  path: Assets/GameAssets/Sprites/Crosshairs/crosshair040.png
  artifactKey: Guid(d18fcd8700bf836419dafd760e748e4b) Importer(815301076,1909f56bfc062723c751e8b465ee728b)
Start importing Assets/GameAssets/Sprites/Crosshairs/crosshair040.png using Guid(d18fcd8700bf836419dafd760e748e4b) Importer(815301076,1909f56bfc062723c751e8b465ee728b)  -> (artifact id: '9c0d367236e4b8e2f910b6f4e024c534') in 0.018686 seconds
Number of updated asset objects reloaded before import = 0
Number of asset objects unloaded after import = 3
========================================================================
Received Import Request.
  Time since last request: 0.000017 seconds.
  path: Assets/GameAssets/Sprites/Crosshairs/crosshair013.png
  artifactKey: Guid(1d35507e91ebec842b0e40fd8bd11aac) Importer(815301076,1909f56bfc062723c751e8b465ee728b)
Start importing Assets/GameAssets/Sprites/Crosshairs/crosshair013.png using Guid(1d35507e91ebec842b0e40fd8bd11aac) Importer(815301076,1909f56bfc062723c751e8b465ee728b)  -> (artifact id: '1e134df9d3f638beff7e115e40de7cb8') in 0.017656 seconds
Number of updated asset objects reloaded before import = 0
Number of asset objects unloaded after import = 3
========================================================================
Received Import Request.
  Time since last request: 0.000012 seconds.
  path: Assets/GameAssets/Sprites/Crosshairs/crosshair020.png
  artifactKey: Guid(228f2257486d0764ab996be6040a8de9) Importer(815301076,1909f56bfc062723c751e8b465ee728b)
Start importing Assets/GameAssets/Sprites/Crosshairs/crosshair020.png using Guid(228f2257486d0764ab996be6040a8de9) Importer(815301076,1909f56bfc062723c751e8b465ee728b)  -> (artifact id: '89906ea34dc87a8d6e58e7b47a47a45b') in 0.019526 seconds
Number of updated asset objects reloaded before import = 0
Number of asset objects unloaded after import = 3
========================================================================
Received Import Request.
  Time since last request: 0.000014 seconds.
  path: Assets/GameAssets/Sprites/Crosshairs/crosshair043.png
  artifactKey: Guid(2ae18eedb5f5ba842b8b318d727f7c09) Importer(815301076,1909f56bfc062723c751e8b465ee728b)
Start importing Assets/GameAssets/Sprites/Crosshairs/crosshair043.png using Guid(2ae18eedb5f5ba842b8b318d727f7c09) Importer(815301076,1909f56bfc062723c751e8b465ee728b)  -> (artifact id: '8233b78766e7b867854bca52345196f5') in 0.013304 seconds
Number of updated asset objects reloaded before import = 0
Number of asset objects unloaded after import = 3
========================================================================
Received Import Request.
  Time since last request: 0.000013 seconds.
  path: Assets/GameAssets/Sprites/Crosshairs/crosshair018.png
  artifactKey: Guid(4da3e140ddf2e7e4baf56f87ca4e0c2f) Importer(815301076,1909f56bfc062723c751e8b465ee728b)
Start importing Assets/GameAssets/Sprites/Crosshairs/crosshair018.png using Guid(4da3e140ddf2e7e4baf56f87ca4e0c2f) Importer(815301076,1909f56bfc062723c751e8b465ee728b)  -> (artifact id: '47a95b1d020675f59dc120b5d77bdc20') in 0.020130 seconds
Number of updated asset objects reloaded before import = 0
Number of asset objects unloaded after import = 3
========================================================================
Received Import Request.
  Time since last request: 0.000012 seconds.
  path: Assets/GameAssets/Sprites/Crosshairs/crosshair010.png
  artifactKey: Guid(3b9f9dad707e111428c5da20b6b2fde8) Importer(815301076,1909f56bfc062723c751e8b465ee728b)
Start importing Assets/GameAssets/Sprites/Crosshairs/crosshair010.png using Guid(3b9f9dad707e111428c5da20b6b2fde8) Importer(815301076,1909f56bfc062723c751e8b465ee728b)  -> (artifact id: 'e7b39856f624d63fccc552fd5e266f5a') in 0.016468 seconds
Number of updated asset objects reloaded before import = 0
Number of asset objects unloaded after import = 3
========================================================================
Received Import Request.
  Time since last request: 0.918392 seconds.
  path: Assets/GameAssets/Sprites/Crosshairs/crosshair051.png
  artifactKey: Guid(f92b52ca30f243a4591c2f4bf9383aa2) Importer(815301076,1909f56bfc062723c751e8b465ee728b)
Start importing Assets/GameAssets/Sprites/Crosshairs/crosshair051.png using Guid(f92b52ca30f243a4591c2f4bf9383aa2) Importer(815301076,1909f56bfc062723c751e8b465ee728b)  -> (artifact id: '058e96741e09289a570d5fe4dc0ce640') in 0.023539 seconds
Number of updated asset objects reloaded before import = 0
Number of asset objects unloaded after import = 3
========================================================================
Received Import Request.
  Time since last request: 0.000549 seconds.
  path: Assets/GameAssets/Sprites/Crosshairs/crosshair059.png
  artifactKey: Guid(e396b88e7c8329942a3346e6432bbcdf) Importer(815301076,1909f56bfc062723c751e8b465ee728b)
Start importing Assets/GameAssets/Sprites/Crosshairs/crosshair059.png using Guid(e396b88e7c8329942a3346e6432bbcdf) Importer(815301076,1909f56bfc062723c751e8b465ee728b)  -> (artifact id: '15a62300f857736eabc1e825c35ad1ad') in 0.045170 seconds
Number of updated asset objects reloaded before import = 0
Number of asset objects unloaded after import = 3
========================================================================
Received Import Request.
  Time since last request: 0.000034 seconds.
  path: Assets/GameAssets/Sprites/Crosshairs/crosshair054.png
  artifactKey: Guid(9372d9c6670c8ec41a60051a82990ebc) Importer(815301076,1909f56bfc062723c751e8b465ee728b)
Start importing Assets/GameAssets/Sprites/Crosshairs/crosshair054.png using Guid(9372d9c6670c8ec41a60051a82990ebc) Importer(815301076,1909f56bfc062723c751e8b465ee728b)  -> (artifact id: '4807f87a81519c7316bbb7e9e85d4ebf') in 0.037972 seconds
Number of updated asset objects reloaded before import = 0
Number of asset objects unloaded after import = 3
========================================================================
Received Import Request.
  Time since last request: 0.000364 seconds.
  path: Assets/GameAssets/Sprites/Crosshairs/crosshair071.png
  artifactKey: Guid(ecd2b1b8c99d8174587de444ef3d99a4) Importer(815301076,1909f56bfc062723c751e8b465ee728b)
Start importing Assets/GameAssets/Sprites/Crosshairs/crosshair071.png using Guid(ecd2b1b8c99d8174587de444ef3d99a4) Importer(815301076,1909f56bfc062723c751e8b465ee728b)  -> (artifact id: '4ad7380c483d913b96202c23086178da') in 0.032220 seconds
Number of updated asset objects reloaded before import = 0
Number of asset objects unloaded after import = 3
========================================================================
Received Import Request.
  Time since last request: 0.000031 seconds.
  path: Assets/GameAssets/Sprites/Crosshairs/crosshair070.png
  artifactKey: Guid(03c9f83850b96324e819b61f59240753) Importer(815301076,1909f56bfc062723c751e8b465ee728b)
Start importing Assets/GameAssets/Sprites/Crosshairs/crosshair070.png using Guid(03c9f83850b96324e819b61f59240753) Importer(815301076,1909f56bfc062723c751e8b465ee728b)  -> (artifact id: '3fb4c100a677a63b1f3c6dba5b519c08') in 0.024857 seconds
Number of updated asset objects reloaded before import = 0
Number of asset objects unloaded after import = 3
========================================================================
Received Import Request.
  Time since last request: 0.000032 seconds.
  path: Assets/GameAssets/Sprites/Crosshairs/crosshair064.png
  artifactKey: Guid(378b57dca968c0d46a1d23800af289e0) Importer(815301076,1909f56bfc062723c751e8b465ee728b)
Start importing Assets/GameAssets/Sprites/Crosshairs/crosshair064.png using Guid(378b57dca968c0d46a1d23800af289e0) Importer(815301076,1909f56bfc062723c751e8b465ee728b)  -> (artifact id: '6e8b2ff2241cf46aaccba7b4844ef2d2') in 0.023896 seconds
Number of updated asset objects reloaded before import = 0
Number of asset objects unloaded after import = 3
Editor requested this worker to shutdown with reason: Scaling down because of idle timeout
TcpMessagingSession - receive error
AssetImportWorkerClient::OnTransportError - code=2 error=End of file
AssetImportWorker is now disconnected from the server
Process exiting
Exiting without the bug reporter. Application will terminate with return code 0