Using pre-set license
Built from '2022.3/staging' branch; Version is '2022.3.22f1 (887be4894c44) revision 8944612'; Using compiler version '192829333'; Build Type 'Release'
OS: 'Windows 11  (10.0.22631) 64bit Core' Language: 'en' Physical Memory: 16087 MB
BatchMode: 1, IsHumanControllingUs: 0, StartBugReporterOnCrash: 0, Is64bit: 1, IsPro: 1

COMMAND LINE ARGUMENTS:
C:\Program Files\Unity\Hub\Editor\2022.3.22f1\Editor\Unity.exe
-adb2
-batchMode
-noUpm
-name
AssetImportWorker3
-projectPath
C:/Users/rashi/Documents/GitHub/Zombieland/zombieland
-logFile
Logs/AssetImportWorker3.log
-srvPort
53842
Successfully changed project path to: C:/Users/rashi/Documents/GitHub/Zombieland/zombieland
C:/Users/rashi/Documents/GitHub/Zombieland/zombieland
[UnityMemory] Configuration Parameters - Can be set up in boot.config
    "memorysetup-bucket-allocator-granularity=16"
    "memorysetup-bucket-allocator-bucket-count=8"
    "memorysetup-bucket-allocator-block-size=33554432"
    "memorysetup-bucket-allocator-block-count=8"
    "memorysetup-main-allocator-block-size=16777216"
    "memorysetup-thread-allocator-block-size=16777216"
    "memorysetup-gfx-main-allocator-block-size=16777216"
    "memorysetup-gfx-thread-allocator-block-size=16777216"
    "memorysetup-cache-allocator-block-size=4194304"
    "memorysetup-typetree-allocator-block-size=2097152"
    "memorysetup-profiler-bucket-allocator-granularity=16"
    "memorysetup-profiler-bucket-allocator-bucket-count=8"
    "memorysetup-profiler-bucket-allocator-block-size=33554432"
    "memorysetup-profiler-bucket-allocator-block-count=8"
    "memorysetup-profiler-allocator-block-size=16777216"
    "memorysetup-profiler-editor-allocator-block-size=1048576"
    "memorysetup-temp-allocator-size-main=16777216"
    "memorysetup-job-temp-allocator-block-size=2097152"
    "memorysetup-job-temp-allocator-block-size-background=1048576"
    "memorysetup-job-temp-allocator-reduction-small-platforms=262144"
    "memorysetup-allocator-temp-initial-block-size-main=262144"
    "memorysetup-allocator-temp-initial-block-size-worker=262144"
    "memorysetup-temp-allocator-size-background-worker=32768"
    "memorysetup-temp-allocator-size-job-worker=262144"
    "memorysetup-temp-allocator-size-preload-manager=33554432"
    "memorysetup-temp-allocator-size-nav-mesh-worker=65536"
    "memorysetup-temp-allocator-size-audio-worker=65536"
    "memorysetup-temp-allocator-size-cloud-worker=32768"
    "memorysetup-temp-allocator-size-gi-baking-worker=262144"
    "memorysetup-temp-allocator-size-gfx=262144"
Player connection [12964] Host "[IP] 192.168.10.51 [Port] 0 [Flags] 2 [Guid] 251641996 [EditorId] 251641996 [Version] 1048832 [Id] WindowsEditor(7,Rashi) [Debug] 1 [PackageName] WindowsEditor [ProjectName] Editor" joined multi-casting on [225.0.0.222:54997]...

Player connection [12964] Host "[IP] 192.168.10.51 [Port] 0 [Flags] 2 [Guid] 251641996 [EditorId] 251641996 [Version] 1048832 [Id] WindowsEditor(7,Rashi) [Debug] 1 [PackageName] WindowsEditor [ProjectName] Editor" joined alternative multi-casting on [225.0.0.222:34997]...

[Physics::Module] Initialized MultithreadedJobDispatcher with 15 workers.
Refreshing native plugins compatible for Editor in 3035.68 ms, found 3 plugins.
Preloading 0 native plugins for Editor in 0.00 ms.
Initialize engine version: 2022.3.22f1 (887be4894c44)
[Subsystems] Discovering subsystems at path C:/Program Files/Unity/Hub/Editor/2022.3.22f1/Editor/Data/Resources/UnitySubsystems
[Subsystems] Discovering subsystems at path C:/Users/rashi/Documents/GitHub/Zombieland/zombieland/Assets
GfxDevice: creating device client; threaded=0; jobified=0
Direct3D:
    Version:  Direct3D 11.0 [level 11.1]
    Renderer: NVIDIA GeForce RTX 4060 Laptop GPU (ID=0x28a0)
    Vendor:   NVIDIA
    VRAM:     7971 MB
    Driver:   31.0.15.3667
Initialize mono
Mono path[0] = 'C:/Program Files/Unity/Hub/Editor/2022.3.22f1/Editor/Data/Managed'
Mono path[1] = 'C:/Program Files/Unity/Hub/Editor/2022.3.22f1/Editor/Data/MonoBleedingEdge/lib/mono/unityjit-win32'
Mono config path = 'C:/Program Files/Unity/Hub/Editor/2022.3.22f1/Editor/Data/MonoBleedingEdge/etc'
Using monoOptions --debugger-agent=transport=dt_socket,embedding=1,server=y,suspend=n,address=127.0.0.1:56036
Begin MonoManager ReloadAssembly
Registering precompiled unity dll's ...
Register platform support module: C:/Program Files/Unity/Hub/Editor/2022.3.22f1/Editor/Data/PlaybackEngines/WebGLSupport/UnityEditor.WebGL.Extensions.dll
Register platform support module: C:/Program Files/Unity/Hub/Editor/2022.3.22f1/Editor/Data/PlaybackEngines/WindowsStandaloneSupport/UnityEditor.WindowsStandalone.Extensions.dll
Registered in 0.768139 seconds.
- Loaded All Assemblies, in 25.284 seconds
Native extension for WindowsStandalone target not found
Native extension for WebGL target not found
Mono: successfully reloaded assembly
- Finished resetting the current domain, in  0.233 seconds
Domain Reload Profiling: 25516ms
	BeginReloadAssembly (19355ms)
		ExecutionOrderSort (0ms)
		DisableScriptedObjects (0ms)
		BackupInstance (0ms)
		ReleaseScriptingObjects (0ms)
		CreateAndSetChildDomain (1ms)
	RebuildCommonClasses (1570ms)
	RebuildNativeTypeToScriptingClass (8ms)
	initialDomainReloadingComplete (813ms)
	LoadAllAssembliesAndSetupDomain (3538ms)
		LoadAssemblies (19353ms)
		RebuildTransferFunctionScriptingTraits (0ms)
		AnalyzeDomain (3536ms)
			TypeCache.Refresh (3534ms)
				TypeCache.ScanAssembly (2406ms)
			ScanForSourceGeneratedMonoScriptInfo (1ms)
			ResolveRequiredComponents (0ms)
	FinalizeReload (233ms)
		ReleaseScriptCaches (0ms)
		RebuildScriptCaches (0ms)
		SetupLoadedEditorAssemblies (185ms)
			LogAssemblyErrors (0ms)
			InitializePlatformSupportModulesInManaged (8ms)
			SetLoadedEditorAssemblies (5ms)
			RefreshPlugins (0ms)
			BeforeProcessingInitializeOnLoad (2ms)
			ProcessInitializeOnLoadAttributes (120ms)
			ProcessInitializeOnLoadMethodAttributes (50ms)
			AfterProcessingInitializeOnLoad (0ms)
			EditorAssembliesLoaded (0ms)
		ExecutionOrderSort2 (0ms)
		AwakeInstancesAfterBackupRestoration (0ms)
========================================================================
Worker process is ready to serve import requests
Begin MonoManager ReloadAssembly
- Loaded All Assemblies, in 25.549 seconds
Refreshing native plugins compatible for Editor in 1.58 ms, found 3 plugins.
Native extension for WindowsStandalone target not found
Native extension for WebGL target not found
Package Manager log level set to [2]
[Package Manager] Server::EnsureServerProcessIsRunning -- launch failed, reason: Unity was launched with the -noUpm command-line argument
[Package Manager] UpmClient::Send -- Unable to send message (not connected to UPM process).
[Package Manager] Cannot connect to Unity Package Manager local server
Mono: successfully reloaded assembly
- Finished resetting the current domain, in  0.574 seconds
Domain Reload Profiling: 26122ms
	BeginReloadAssembly (123ms)
		ExecutionOrderSort (0ms)
		DisableScriptedObjects (4ms)
		BackupInstance (0ms)
		ReleaseScriptingObjects (0ms)
		CreateAndSetChildDomain (17ms)
	RebuildCommonClasses (23ms)
	RebuildNativeTypeToScriptingClass (11ms)
	initialDomainReloadingComplete (35ms)
	LoadAllAssembliesAndSetupDomain (25356ms)
		LoadAssemblies (23401ms)
		RebuildTransferFunctionScriptingTraits (0ms)
		AnalyzeDomain (2027ms)
			TypeCache.Refresh (2008ms)
				TypeCache.ScanAssembly (1787ms)
			ScanForSourceGeneratedMonoScriptInfo (13ms)
			ResolveRequiredComponents (4ms)
	FinalizeReload (574ms)
		ReleaseScriptCaches (0ms)
		RebuildScriptCaches (0ms)
		SetupLoadedEditorAssemblies (446ms)
			LogAssemblyErrors (0ms)
			InitializePlatformSupportModulesInManaged (5ms)
			SetLoadedEditorAssemblies (3ms)
			RefreshPlugins (0ms)
			BeforeProcessingInitializeOnLoad (45ms)
			ProcessInitializeOnLoadAttributes (371ms)
			ProcessInitializeOnLoadMethodAttributes (17ms)
			AfterProcessingInitializeOnLoad (4ms)
			EditorAssembliesLoaded (0ms)
		ExecutionOrderSort2 (0ms)
		AwakeInstancesAfterBackupRestoration (6ms)
Launched and connected shader compiler UnityShaderCompiler.exe after 0.03 seconds
Refreshing native plugins compatible for Editor in 2.52 ms, found 3 plugins.
Preloading 0 native plugins for Editor in 0.00 ms.
Unloading 3376 Unused Serialized files (Serialized files now loaded: 0)
Unloading 52 unused Assets / (0.9 MB). Loaded Objects now: 3853.
Memory consumption went from 153.4 MB to 152.5 MB.
Total: 2.547000 ms (FindLiveObjects: 0.173400 ms CreateObjectMapping: 0.054400 ms MarkObjects: 2.072900 ms  DeleteObjects: 0.245600 ms)

AssetImportParameters requested are different than current active one (requested -> active):
  custom:container-demuxer-ogg: 62fdf1f143b41e24485cea50d1cbac27 -> 
  custom:video-codec-MediaFoundation-h265: 746d11721c4dcdbdad8f713fa42b33f4 -> 
  custom:video-decoder-ogg-theora: a1e56fd34408186e4bbccfd4996cb3dc -> 
  custom:framework-win-MediaFoundation: 216162199b28c13a410421893ffa2e32 -> 
  custom:CustomObjectIndexerAttribute: 9a22284fe3817be447336de3de66b15e -> 
  custom:container-demuxer-webm: 4f35f7cbe854078d1ac9338744f61a02 -> 
  custom:container-muxer-webm: aa71ff27fc2769a1b78a27578f13a17b -> 
  custom:video-decoder-webm-vp8: 9c59270c3fd7afecdb556c50c9e8de78 -> 
  custom:SearchIndexIgnoredProperties: e643bd26f0fe6173181afceb89e7c659 -> 
  custom:AudioImporter_EditorPlatform: d09bf68614088b80899f8185d706f6e7 -> 
  custom:video-encoder-webm-vp8: eb34c28f22e8b96e1ab97ce403110664 -> 
  custom:audio-decoder-ogg-vorbis: bf7c407c2cedff20999df2af8eb42d56 -> 
  custom:audio-encoder-webm-vorbis: bf7c407c2cedff20999df2af8eb42d56 -> 
========================================================================
Received Import Request.
  Time since last request: 205385.845076 seconds.
  path: Assets/GameAssets/Sprites/Crosshairs/crosshair107.png
  artifactKey: Guid(9fa6c6e2d47a3a1489b750acee963b66) Importer(815301076,1909f56bfc062723c751e8b465ee728b)
Start importing Assets/GameAssets/Sprites/Crosshairs/crosshair107.png using Guid(9fa6c6e2d47a3a1489b750acee963b66) Importer(815301076,1909f56bfc062723c751e8b465ee728b)  -> (artifact id: '93dec00a2b3858412d4039b3d70e41f4') in 0.100935 seconds
Number of updated asset objects reloaded before import = 0
Number of asset objects unloaded after import = 3
========================================================================
Received Import Request.
  Time since last request: 0.000025 seconds.
  path: Assets/GameAssets/Sprites/Crosshairs/crosshair137.png
  artifactKey: Guid(e17ca2bcaebf5a9418a7d9dba8fe3d40) Importer(815301076,1909f56bfc062723c751e8b465ee728b)
Start importing Assets/GameAssets/Sprites/Crosshairs/crosshair137.png using Guid(e17ca2bcaebf5a9418a7d9dba8fe3d40) Importer(815301076,1909f56bfc062723c751e8b465ee728b)  -> (artifact id: '8d30e002cbcd20006134a22ce551933d') in 0.029799 seconds
Number of updated asset objects reloaded before import = 0
Number of asset objects unloaded after import = 3
========================================================================
Received Import Request.
  Time since last request: 0.000211 seconds.
  path: Assets/GameAssets/Sprites/Crosshairs/crosshair143.png
  artifactKey: Guid(6bc23396d4d1773448c286b0cde4a3c6) Importer(815301076,1909f56bfc062723c751e8b465ee728b)
Start importing Assets/GameAssets/Sprites/Crosshairs/crosshair143.png using Guid(6bc23396d4d1773448c286b0cde4a3c6) Importer(815301076,1909f56bfc062723c751e8b465ee728b)  -> (artifact id: 'c8c3dd53fd8fffe6f26361c0267cef74') in 0.020996 seconds
Number of updated asset objects reloaded before import = 0
Number of asset objects unloaded after import = 3
========================================================================
Received Import Request.
  Time since last request: 0.000011 seconds.
  path: Assets/GameAssets/Sprites/Crosshairs/crosshair121.png
  artifactKey: Guid(1cc8acee3f415824d96cc9410203bfe2) Importer(815301076,1909f56bfc062723c751e8b465ee728b)
Start importing Assets/GameAssets/Sprites/Crosshairs/crosshair121.png using Guid(1cc8acee3f415824d96cc9410203bfe2) Importer(815301076,1909f56bfc062723c751e8b465ee728b)  -> (artifact id: 'a8827c08adb33c2e005e9868638829dc') in 0.026280 seconds
Number of updated asset objects reloaded before import = 0
Number of asset objects unloaded after import = 3
========================================================================
Received Import Request.
  Time since last request: 0.000032 seconds.
  path: Assets/GameAssets/Sprites/Crosshairs/crosshair103.png
  artifactKey: Guid(b0a7670d6c63a904bad334363159dfb6) Importer(815301076,1909f56bfc062723c751e8b465ee728b)
Start importing Assets/GameAssets/Sprites/Crosshairs/crosshair103.png using Guid(b0a7670d6c63a904bad334363159dfb6) Importer(815301076,1909f56bfc062723c751e8b465ee728b)  -> (artifact id: 'fa1404c0b1084334d198e13a2108d9ff') in 0.021323 seconds
Number of updated asset objects reloaded before import = 0
Number of asset objects unloaded after import = 3
========================================================================
Received Import Request.
  Time since last request: 0.000109 seconds.
  path: Assets/GameAssets/Sprites/Crosshairs/crosshair168.png
  artifactKey: Guid(a289823f03048174cb531a2139b7c57b) Importer(815301076,1909f56bfc062723c751e8b465ee728b)
Start importing Assets/GameAssets/Sprites/Crosshairs/crosshair168.png using Guid(a289823f03048174cb531a2139b7c57b) Importer(815301076,1909f56bfc062723c751e8b465ee728b)  -> (artifact id: 'ccd6974a74a5ce975872db8df87561e7') in 0.025688 seconds
Number of updated asset objects reloaded before import = 0
Number of asset objects unloaded after import = 3
========================================================================
Received Import Request.
  Time since last request: 0.000013 seconds.
  path: Assets/GameAssets/Sprites/Crosshairs/crosshair156.png
  artifactKey: Guid(31d52950be417cc44baf7ab8dab27604) Importer(815301076,1909f56bfc062723c751e8b465ee728b)
Start importing Assets/GameAssets/Sprites/Crosshairs/crosshair156.png using Guid(31d52950be417cc44baf7ab8dab27604) Importer(815301076,1909f56bfc062723c751e8b465ee728b)  -> (artifact id: 'a42ebd42d3c68c51acd892182fa70538') in 0.026087 seconds
Number of updated asset objects reloaded before import = 0
Number of asset objects unloaded after import = 3
========================================================================
Received Import Request.
  Time since last request: 0.000018 seconds.
  path: Assets/GameAssets/Sprites/Crosshairs/crosshair108.png
  artifactKey: Guid(60e0cd2d828902b4cb3583fe1b96378f) Importer(815301076,1909f56bfc062723c751e8b465ee728b)
Start importing Assets/GameAssets/Sprites/Crosshairs/crosshair108.png using Guid(60e0cd2d828902b4cb3583fe1b96378f) Importer(815301076,1909f56bfc062723c751e8b465ee728b)  -> (artifact id: 'ebda3d07394927b060a1a64e9a6162da') in 0.023000 seconds
Number of updated asset objects reloaded before import = 0
Number of asset objects unloaded after import = 3
========================================================================
Received Import Request.
  Time since last request: 0.000065 seconds.
  path: Assets/GameAssets/Sprites/Crosshairs/crosshair161.png
  artifactKey: Guid(857027d13b7610449a516a14befa891d) Importer(815301076,1909f56bfc062723c751e8b465ee728b)
Start importing Assets/GameAssets/Sprites/Crosshairs/crosshair161.png using Guid(857027d13b7610449a516a14befa891d) Importer(815301076,1909f56bfc062723c751e8b465ee728b)  -> (artifact id: 'dba1812949a3101dbefb30a620d1252f') in 0.019536 seconds
Number of updated asset objects reloaded before import = 0
Number of asset objects unloaded after import = 3
========================================================================
Received Import Request.
  Time since last request: 0.000021 seconds.
  path: Assets/GameAssets/Sprites/Crosshairs/crosshair094.png
  artifactKey: Guid(e1e48a6282bb0694e85ff66ea3824e4a) Importer(815301076,1909f56bfc062723c751e8b465ee728b)
Start importing Assets/GameAssets/Sprites/Crosshairs/crosshair094.png using Guid(e1e48a6282bb0694e85ff66ea3824e4a) Importer(815301076,1909f56bfc062723c751e8b465ee728b)  -> (artifact id: '40d12684fb3fbc0d797b11cd06644186') in 0.018685 seconds
Number of updated asset objects reloaded before import = 0
Number of asset objects unloaded after import = 3
========================================================================
Received Import Request.
  Time since last request: 0.000028 seconds.
  path: Assets/GameAssets/Sprites/Crosshairs/crosshair148.png
  artifactKey: Guid(380ab726f583a4f4d8146a58aa94e70a) Importer(815301076,1909f56bfc062723c751e8b465ee728b)
Start importing Assets/GameAssets/Sprites/Crosshairs/crosshair148.png using Guid(380ab726f583a4f4d8146a58aa94e70a) Importer(815301076,1909f56bfc062723c751e8b465ee728b)  -> (artifact id: '857684f5e5fb38ba61e0c815ddd041fb') in 0.021246 seconds
Number of updated asset objects reloaded before import = 0
Number of asset objects unloaded after import = 3
========================================================================
Received Import Request.
  Time since last request: 0.000016 seconds.
  path: Assets/GameAssets/Sprites/Crosshairs/crosshair154.png
  artifactKey: Guid(14a86152530cc8040a06a69d8dfd2173) Importer(815301076,1909f56bfc062723c751e8b465ee728b)
Start importing Assets/GameAssets/Sprites/Crosshairs/crosshair154.png using Guid(14a86152530cc8040a06a69d8dfd2173) Importer(815301076,1909f56bfc062723c751e8b465ee728b)  -> (artifact id: 'c4c941af548ad3aac6af88a85b89a6a1') in 0.017173 seconds
Number of updated asset objects reloaded before import = 0
Number of asset objects unloaded after import = 3
========================================================================
Received Import Request.
  Time since last request: 0.000034 seconds.
  path: Assets/GameAssets/Sprites/Crosshairs/crosshair123.png
  artifactKey: Guid(d3de27a4832aefa4b8cb62da671e5514) Importer(815301076,1909f56bfc062723c751e8b465ee728b)
Start importing Assets/GameAssets/Sprites/Crosshairs/crosshair123.png using Guid(d3de27a4832aefa4b8cb62da671e5514) Importer(815301076,1909f56bfc062723c751e8b465ee728b)  -> (artifact id: '9801ed630727e00eef35a5efb25ab778') in 0.017389 seconds
Number of updated asset objects reloaded before import = 0
Number of asset objects unloaded after import = 3
========================================================================
Received Import Request.
  Time since last request: 0.000012 seconds.
  path: Assets/GameAssets/Sprites/Crosshairs/crosshair165.png
  artifactKey: Guid(e686d445c29cb724090e79eb782c3f73) Importer(815301076,1909f56bfc062723c751e8b465ee728b)
Start importing Assets/GameAssets/Sprites/Crosshairs/crosshair165.png using Guid(e686d445c29cb724090e79eb782c3f73) Importer(815301076,1909f56bfc062723c751e8b465ee728b)  -> (artifact id: '04a00feb34216056c152a942ddd9a488') in 0.016744 seconds
Number of updated asset objects reloaded before import = 0
Number of asset objects unloaded after import = 3
========================================================================
Received Import Request.
  Time since last request: 0.000014 seconds.
  path: Assets/GameAssets/Sprites/Crosshairs/crosshair102.png
  artifactKey: Guid(852643f96bfa79b4d8ad3883fbcc8199) Importer(815301076,1909f56bfc062723c751e8b465ee728b)
Start importing Assets/GameAssets/Sprites/Crosshairs/crosshair102.png using Guid(852643f96bfa79b4d8ad3883fbcc8199) Importer(815301076,1909f56bfc062723c751e8b465ee728b)  -> (artifact id: 'bf519edbdc4ce9f796d6addd8819162d') in 0.018117 seconds
Number of updated asset objects reloaded before import = 0
Number of asset objects unloaded after import = 3
========================================================================
Received Import Request.
  Time since last request: 0.000015 seconds.
  path: Assets/GameAssets/Sprites/Crosshairs/crosshair155.png
  artifactKey: Guid(3120e89a8a279d14a8b2d26fbae84785) Importer(815301076,1909f56bfc062723c751e8b465ee728b)
Start importing Assets/GameAssets/Sprites/Crosshairs/crosshair155.png using Guid(3120e89a8a279d14a8b2d26fbae84785) Importer(815301076,1909f56bfc062723c751e8b465ee728b)  -> (artifact id: 'c882defd6f6a2e9896a93e9c885bcfe5') in 0.022555 seconds
Number of updated asset objects reloaded before import = 0
Number of asset objects unloaded after import = 3
========================================================================
Received Import Request.
  Time since last request: 0.000013 seconds.
  path: Assets/GameAssets/Sprites/Crosshairs/crosshair084.png
  artifactKey: Guid(e96826df0a9846c449d24d0c24b8043f) Importer(815301076,1909f56bfc062723c751e8b465ee728b)
Start importing Assets/GameAssets/Sprites/Crosshairs/crosshair084.png using Guid(e96826df0a9846c449d24d0c24b8043f) Importer(815301076,1909f56bfc062723c751e8b465ee728b)  -> (artifact id: 'f553f65f45378439615ee3c8838efdee') in 0.015641 seconds
Number of updated asset objects reloaded before import = 0
Number of asset objects unloaded after import = 3
========================================================================
Received Import Request.
  Time since last request: 0.000013 seconds.
  path: Assets/GameAssets/Sprites/Crosshairs/crosshair177.png
  artifactKey: Guid(d70486ac6daf0da4db6855a41b144f34) Importer(815301076,1909f56bfc062723c751e8b465ee728b)
Start importing Assets/GameAssets/Sprites/Crosshairs/crosshair177.png using Guid(d70486ac6daf0da4db6855a41b144f34) Importer(815301076,1909f56bfc062723c751e8b465ee728b)  -> (artifact id: '19398c0ef2f3172b365f54caae6b9d95') in 0.017697 seconds
Number of updated asset objects reloaded before import = 0
Number of asset objects unloaded after import = 3
========================================================================
Received Import Request.
  Time since last request: 0.000012 seconds.
  path: Assets/GameAssets/Sprites/Crosshairs/crosshair152.png
  artifactKey: Guid(a88c24e0a54ff324684b3ab4001ea5ef) Importer(815301076,1909f56bfc062723c751e8b465ee728b)
Start importing Assets/GameAssets/Sprites/Crosshairs/crosshair152.png using Guid(a88c24e0a54ff324684b3ab4001ea5ef) Importer(815301076,1909f56bfc062723c751e8b465ee728b)  -> (artifact id: '3b3b073c360aca10023907a68f2943a2') in 0.015443 seconds
Number of updated asset objects reloaded before import = 0
Number of asset objects unloaded after import = 3
========================================================================
Received Import Request.
  Time since last request: 0.000012 seconds.
  path: Assets/GameAssets/Sprites/Crosshairs/crosshair105.png
  artifactKey: Guid(e8a395eebb1b522429ae102dc4c789a8) Importer(815301076,1909f56bfc062723c751e8b465ee728b)
Start importing Assets/GameAssets/Sprites/Crosshairs/crosshair105.png using Guid(e8a395eebb1b522429ae102dc4c789a8) Importer(815301076,1909f56bfc062723c751e8b465ee728b)  -> (artifact id: '5fc41e64d1bdf3c6f168e65a767c001f') in 0.020892 seconds
Number of updated asset objects reloaded before import = 0
Number of asset objects unloaded after import = 3
========================================================================
Received Import Request.
  Time since last request: 0.000105 seconds.
  path: Assets/GameAssets/Sprites/Crosshairs/crosshair096.png
  artifactKey: Guid(20c55f16ba4fbe244a7330a71580f393) Importer(815301076,1909f56bfc062723c751e8b465ee728b)
Start importing Assets/GameAssets/Sprites/Crosshairs/crosshair096.png using Guid(20c55f16ba4fbe244a7330a71580f393) Importer(815301076,1909f56bfc062723c751e8b465ee728b)  -> (artifact id: 'ea486067d160c93dc0f8d86d3618a32c') in 0.022471 seconds
Number of updated asset objects reloaded before import = 0
Number of asset objects unloaded after import = 3
========================================================================
Received Import Request.
  Time since last request: 0.000014 seconds.
  path: Assets/GameAssets/Sprites/Crosshairs/crosshair138.png
  artifactKey: Guid(d6a3d92db26e65e49b306c603fb350a4) Importer(815301076,1909f56bfc062723c751e8b465ee728b)
Start importing Assets/GameAssets/Sprites/Crosshairs/crosshair138.png using Guid(d6a3d92db26e65e49b306c603fb350a4) Importer(815301076,1909f56bfc062723c751e8b465ee728b)  -> (artifact id: '0f567a91e99797d59e9b055d428736c6') in 0.018015 seconds
Number of updated asset objects reloaded before import = 0
Number of asset objects unloaded after import = 3
========================================================================
Received Import Request.
  Time since last request: 0.000016 seconds.
  path: Assets/GameAssets/Sprites/Crosshairs/crosshair136.png
  artifactKey: Guid(6986b6b76c7fac448bf29c45d0fa852c) Importer(815301076,1909f56bfc062723c751e8b465ee728b)
Start importing Assets/GameAssets/Sprites/Crosshairs/crosshair136.png using Guid(6986b6b76c7fac448bf29c45d0fa852c) Importer(815301076,1909f56bfc062723c751e8b465ee728b)  -> (artifact id: '1500ad9f3cbcaee98362bba88f680340') in 0.022317 seconds
Number of updated asset objects reloaded before import = 0
Number of asset objects unloaded after import = 3
========================================================================
Received Import Request.
  Time since last request: 0.000018 seconds.
  path: Assets/GameAssets/Sprites/Crosshairs/crosshair127.png
  artifactKey: Guid(5d54a374fe2acc14b82eaeb994041295) Importer(815301076,1909f56bfc062723c751e8b465ee728b)
Start importing Assets/GameAssets/Sprites/Crosshairs/crosshair127.png using Guid(5d54a374fe2acc14b82eaeb994041295) Importer(815301076,1909f56bfc062723c751e8b465ee728b)  -> (artifact id: 'd1ef05d88f20125719a1ba62d5137082') in 0.017933 seconds
Number of updated asset objects reloaded before import = 0
Number of asset objects unloaded after import = 3
========================================================================
Received Import Request.
  Time since last request: 0.000059 seconds.
  path: Assets/GameAssets/Sprites/Crosshairs/crosshair100.png
  artifactKey: Guid(2897cbf28b9133f4db6c4c3a8f8de4f8) Importer(815301076,1909f56bfc062723c751e8b465ee728b)
Start importing Assets/GameAssets/Sprites/Crosshairs/crosshair100.png using Guid(2897cbf28b9133f4db6c4c3a8f8de4f8) Importer(815301076,1909f56bfc062723c751e8b465ee728b)  -> (artifact id: '588ba22491b957a21837cf8d08190311') in 0.016986 seconds
Number of updated asset objects reloaded before import = 0
Number of asset objects unloaded after import = 3
========================================================================
Received Import Request.
  Time since last request: 0.000018 seconds.
  path: Assets/GameAssets/Sprites/Crosshairs/crosshair125.png
  artifactKey: Guid(0567fd8ceb9537a498596099dcbe6970) Importer(815301076,1909f56bfc062723c751e8b465ee728b)
Start importing Assets/GameAssets/Sprites/Crosshairs/crosshair125.png using Guid(0567fd8ceb9537a498596099dcbe6970) Importer(815301076,1909f56bfc062723c751e8b465ee728b)  -> (artifact id: '93e2e41c0d0456b53f414082ebdde9ec') in 0.019392 seconds
Number of updated asset objects reloaded before import = 0
Number of asset objects unloaded after import = 3
========================================================================
Received Import Request.
  Time since last request: 0.000016 seconds.
  path: Assets/GameAssets/Sprites/Crosshairs/crosshair076.png
  artifactKey: Guid(b5187cfed9972214f8cdf410548aec3f) Importer(815301076,1909f56bfc062723c751e8b465ee728b)
Start importing Assets/GameAssets/Sprites/Crosshairs/crosshair076.png using Guid(b5187cfed9972214f8cdf410548aec3f) Importer(815301076,1909f56bfc062723c751e8b465ee728b)  -> (artifact id: '606f4a9baa1ccba5676b3fb6fb168939') in 0.023767 seconds
Number of updated asset objects reloaded before import = 0
Number of asset objects unloaded after import = 3
Editor requested this worker to shutdown with reason: Scaling down because of idle timeout
TcpMessagingSession - receive error: operation aborted. errorcode: 995, details: The I/O operation has been aborted because of either a thread exit or an application request.
AssetImportWorker is now disconnected from the server
Process exiting
Exiting without the bug reporter. Application will terminate with return code 0