Using pre-set license
Built from '2022.3/staging' branch; Version is '2022.3.22f1 (887be4894c44) revision 8944612'; Using compiler version '192829333'; Build Type 'Release'
OS: 'Windows 11  (10.0.22631) 64bit Core' Language: 'en' Physical Memory: 16087 MB
BatchMode: 1, IsHumanControllingUs: 0, StartBugReporterOnCrash: 0, Is64bit: 1, IsPro: 1

COMMAND LINE ARGUMENTS:
C:\Program Files\Unity\Hub\Editor\2022.3.22f1\Editor\Unity.exe
-adb2
-batchMode
-noUpm
-name
AssetImportWorker3
-projectPath
C:/Users/rashi/Documents/GitHub/Zombieland/zombieland
-logFile
Logs/AssetImportWorker3.log
-srvPort
54970
Successfully changed project path to: C:/Users/rashi/Documents/GitHub/Zombieland/zombieland
C:/Users/rashi/Documents/GitHub/Zombieland/zombieland
[UnityMemory] Configuration Parameters - Can be set up in boot.config
    "memorysetup-bucket-allocator-granularity=16"
    "memorysetup-bucket-allocator-bucket-count=8"
    "memorysetup-bucket-allocator-block-size=33554432"
    "memorysetup-bucket-allocator-block-count=8"
    "memorysetup-main-allocator-block-size=16777216"
    "memorysetup-thread-allocator-block-size=16777216"
    "memorysetup-gfx-main-allocator-block-size=16777216"
    "memorysetup-gfx-thread-allocator-block-size=16777216"
    "memorysetup-cache-allocator-block-size=4194304"
    "memorysetup-typetree-allocator-block-size=2097152"
    "memorysetup-profiler-bucket-allocator-granularity=16"
    "memorysetup-profiler-bucket-allocator-bucket-count=8"
    "memorysetup-profiler-bucket-allocator-block-size=33554432"
    "memorysetup-profiler-bucket-allocator-block-count=8"
    "memorysetup-profiler-allocator-block-size=16777216"
    "memorysetup-profiler-editor-allocator-block-size=1048576"
    "memorysetup-temp-allocator-size-main=16777216"
    "memorysetup-job-temp-allocator-block-size=2097152"
    "memorysetup-job-temp-allocator-block-size-background=1048576"
    "memorysetup-job-temp-allocator-reduction-small-platforms=262144"
    "memorysetup-allocator-temp-initial-block-size-main=262144"
    "memorysetup-allocator-temp-initial-block-size-worker=262144"
    "memorysetup-temp-allocator-size-background-worker=32768"
    "memorysetup-temp-allocator-size-job-worker=262144"
    "memorysetup-temp-allocator-size-preload-manager=33554432"
    "memorysetup-temp-allocator-size-nav-mesh-worker=65536"
    "memorysetup-temp-allocator-size-audio-worker=65536"
    "memorysetup-temp-allocator-size-cloud-worker=32768"
    "memorysetup-temp-allocator-size-gi-baking-worker=262144"
    "memorysetup-temp-allocator-size-gfx=262144"
Player connection [15668] Host "[IP] 10.81.219.246 [Port] 0 [Flags] 2 [Guid] 1880808894 [EditorId] 1880808894 [Version] 1048832 [Id] WindowsEditor(7,MSI) [Debug] 1 [PackageName] WindowsEditor [ProjectName] Editor" joined multi-casting on [225.0.0.222:54997]...

Player connection [15668] Host "[IP] 10.81.219.246 [Port] 0 [Flags] 2 [Guid] 1880808894 [EditorId] 1880808894 [Version] 1048832 [Id] WindowsEditor(7,MSI) [Debug] 1 [PackageName] WindowsEditor [ProjectName] Editor" joined alternative multi-casting on [225.0.0.222:34997]...

[Physics::Module] Initialized MultithreadedJobDispatcher with 15 workers.
Refreshing native plugins compatible for Editor in 5340.04 ms, found 3 plugins.
Preloading 0 native plugins for Editor in 0.00 ms.
Initialize engine version: 2022.3.22f1 (887be4894c44)
[Subsystems] Discovering subsystems at path C:/Program Files/Unity/Hub/Editor/2022.3.22f1/Editor/Data/Resources/UnitySubsystems
[Subsystems] Discovering subsystems at path C:/Users/rashi/Documents/GitHub/Zombieland/zombieland/Assets
GfxDevice: creating device client; threaded=0; jobified=0
Direct3D:
    Version:  Direct3D 11.0 [level 11.1]
    Renderer: NVIDIA GeForce RTX 4060 Laptop GPU (ID=0x28a0)
    Vendor:   NVIDIA
    VRAM:     7971 MB
    Driver:   31.0.15.3667
Initialize mono
Mono path[0] = 'C:/Program Files/Unity/Hub/Editor/2022.3.22f1/Editor/Data/Managed'
Mono path[1] = 'C:/Program Files/Unity/Hub/Editor/2022.3.22f1/Editor/Data/MonoBleedingEdge/lib/mono/unityjit-win32'
Mono config path = 'C:/Program Files/Unity/Hub/Editor/2022.3.22f1/Editor/Data/MonoBleedingEdge/etc'
Using monoOptions --debugger-agent=transport=dt_socket,embedding=1,server=y,suspend=n,address=127.0.0.1:56456
Begin MonoManager ReloadAssembly
Registering precompiled unity dll's ...
Register platform support module: C:/Program Files/Unity/Hub/Editor/2022.3.22f1/Editor/Data/PlaybackEngines/WebGLSupport/UnityEditor.WebGL.Extensions.dll
Register platform support module: C:/Program Files/Unity/Hub/Editor/2022.3.22f1/Editor/Data/PlaybackEngines/WindowsStandaloneSupport/UnityEditor.WindowsStandalone.Extensions.dll
Registered in 0.286399 seconds.
- Loaded All Assemblies, in 17.029 seconds
Native extension for WindowsStandalone target not found
Native extension for WebGL target not found
Mono: successfully reloaded assembly
- Finished resetting the current domain, in  0.200 seconds
Domain Reload Profiling: 17229ms
	BeginReloadAssembly (15096ms)
		ExecutionOrderSort (0ms)
		DisableScriptedObjects (0ms)
		BackupInstance (0ms)
		ReleaseScriptingObjects (0ms)
		CreateAndSetChildDomain (1ms)
	RebuildCommonClasses (757ms)
	RebuildNativeTypeToScriptingClass (8ms)
	initialDomainReloadingComplete (326ms)
	LoadAllAssembliesAndSetupDomain (841ms)
		LoadAssemblies (15094ms)
		RebuildTransferFunctionScriptingTraits (0ms)
		AnalyzeDomain (839ms)
			TypeCache.Refresh (838ms)
				TypeCache.ScanAssembly (559ms)
			ScanForSourceGeneratedMonoScriptInfo (0ms)
			ResolveRequiredComponents (0ms)
	FinalizeReload (201ms)
		ReleaseScriptCaches (0ms)
		RebuildScriptCaches (0ms)
		SetupLoadedEditorAssemblies (155ms)
			LogAssemblyErrors (0ms)
			InitializePlatformSupportModulesInManaged (8ms)
			SetLoadedEditorAssemblies (4ms)
			RefreshPlugins (0ms)
			BeforeProcessingInitializeOnLoad (2ms)
			ProcessInitializeOnLoadAttributes (100ms)
			ProcessInitializeOnLoadMethodAttributes (40ms)
			AfterProcessingInitializeOnLoad (0ms)
			EditorAssembliesLoaded (0ms)
		ExecutionOrderSort2 (0ms)
		AwakeInstancesAfterBackupRestoration (0ms)
========================================================================
Worker process is ready to serve import requests
Begin MonoManager ReloadAssembly
- Loaded All Assemblies, in 13.625 seconds
Refreshing native plugins compatible for Editor in 16.07 ms, found 3 plugins.
Native extension for WindowsStandalone target not found
Native extension for WebGL target not found
Package Manager log level set to [2]
[Package Manager] Server::EnsureServerProcessIsRunning -- launch failed, reason: Unity was launched with the -noUpm command-line argument
[Package Manager] UpmClient::Send -- Unable to send message (not connected to UPM process).
[Package Manager] Cannot connect to Unity Package Manager local server
Mono: successfully reloaded assembly
- Finished resetting the current domain, in  1.319 seconds
Domain Reload Profiling: 14939ms
	BeginReloadAssembly (520ms)
		ExecutionOrderSort (0ms)
		DisableScriptedObjects (10ms)
		BackupInstance (0ms)
		ReleaseScriptingObjects (0ms)
		CreateAndSetChildDomain (97ms)
	RebuildCommonClasses (96ms)
	RebuildNativeTypeToScriptingClass (33ms)
	initialDomainReloadingComplete (136ms)
	LoadAllAssembliesAndSetupDomain (12836ms)
		LoadAssemblies (11687ms)
		RebuildTransferFunctionScriptingTraits (0ms)
		AnalyzeDomain (1459ms)
			TypeCache.Refresh (1403ms)
				TypeCache.ScanAssembly (1260ms)
			ScanForSourceGeneratedMonoScriptInfo (43ms)
			ResolveRequiredComponents (10ms)
	FinalizeReload (1320ms)
		ReleaseScriptCaches (0ms)
		RebuildScriptCaches (0ms)
		SetupLoadedEditorAssemblies (865ms)
			LogAssemblyErrors (0ms)
			InitializePlatformSupportModulesInManaged (15ms)
			SetLoadedEditorAssemblies (6ms)
			RefreshPlugins (0ms)
			BeforeProcessingInitializeOnLoad (143ms)
			ProcessInitializeOnLoadAttributes (651ms)
			ProcessInitializeOnLoadMethodAttributes (40ms)
			AfterProcessingInitializeOnLoad (11ms)
			EditorAssembliesLoaded (0ms)
		ExecutionOrderSort2 (0ms)
		AwakeInstancesAfterBackupRestoration (15ms)
Launched and connected shader compiler UnityShaderCompiler.exe after 0.11 seconds
Refreshing native plugins compatible for Editor in 8.77 ms, found 3 plugins.
Preloading 0 native plugins for Editor in 0.00 ms.
Unloading 3093 Unused Serialized files (Serialized files now loaded: 0)
Unloading 32 unused Assets / (57.0 KB). Loaded Objects now: 3554.
Memory consumption went from 121.4 MB to 121.3 MB.
Total: 5.684800 ms (FindLiveObjects: 0.278500 ms CreateObjectMapping: 0.136600 ms MarkObjects: 5.148000 ms  DeleteObjects: 0.120600 ms)

AssetImportParameters requested are different than current active one (requested -> active):
  custom:container-demuxer-ogg: 62fdf1f143b41e24485cea50d1cbac27 -> 
  custom:video-codec-MediaFoundation-h265: 746d11721c4dcdbdad8f713fa42b33f4 -> 
  custom:video-decoder-ogg-theora: a1e56fd34408186e4bbccfd4996cb3dc -> 
  custom:framework-win-MediaFoundation: 216162199b28c13a410421893ffa2e32 -> 
  custom:CustomObjectIndexerAttribute: 9a22284fe3817be447336de3de66b15e -> 
  custom:container-demuxer-webm: 4f35f7cbe854078d1ac9338744f61a02 -> 
  custom:container-muxer-webm: aa71ff27fc2769a1b78a27578f13a17b -> 
  custom:video-decoder-webm-vp8: 9c59270c3fd7afecdb556c50c9e8de78 -> 
  custom:SearchIndexIgnoredProperties: e643bd26f0fe6173181afceb89e7c659 -> 
  custom:AudioImporter_EditorPlatform: d09bf68614088b80899f8185d706f6e7 -> 
  custom:video-encoder-webm-vp8: eb34c28f22e8b96e1ab97ce403110664 -> 
  custom:audio-decoder-ogg-vorbis: bf7c407c2cedff20999df2af8eb42d56 -> 
  custom:audio-encoder-webm-vorbis: bf7c407c2cedff20999df2af8eb42d56 -> 
========================================================================
Received Import Request.
  Time since last request: 133236.654700 seconds.
  path: Assets/GameAssets/Sprites
  artifactKey: Guid(06bc2bd9c55c2134c9ba1341b02b3947) Importer(815301076,1909f56bfc062723c751e8b465ee728b)
Start importing Assets/GameAssets/Sprites using Guid(06bc2bd9c55c2134c9ba1341b02b3947) Importer(815301076,1909f56bfc062723c751e8b465ee728b)  -> (artifact id: 'b404b2a4bfbb8cc77083c5a93ad83627') in 0.005523 seconds
Number of updated asset objects reloaded before import = 0
Number of asset objects unloaded after import = 0
========================================================================
Received Import Request.
  Time since last request: 0.000022 seconds.
  path: Assets/GameAssets/Sprites/Player1.png
  artifactKey: Guid(619065b18683a8d4d8eea1f216ddcea6) Importer(815301076,1909f56bfc062723c751e8b465ee728b)
Start importing Assets/GameAssets/Sprites/Player1.png using Guid(619065b18683a8d4d8eea1f216ddcea6) Importer(815301076,1909f56bfc062723c751e8b465ee728b)  -> (artifact id: '25f6bfae3c86302cdfab6b442f2a88b0') in 0.116574 seconds
Number of updated asset objects reloaded before import = 0
Number of asset objects unloaded after import = 2
========================================================================
Received Import Request.
  Time since last request: 0.000197 seconds.
  path: Assets/GameAssets/Sprites/Zombie Wallpapers 5.jpg
  artifactKey: Guid(694f205a384a2384b917738c374cf640) Importer(815301076,1909f56bfc062723c751e8b465ee728b)
Start importing Assets/GameAssets/Sprites/Zombie Wallpapers 5.jpg using Guid(694f205a384a2384b917738c374cf640) Importer(815301076,1909f56bfc062723c751e8b465ee728b)  -> (artifact id: '154abc2d48175ce4bb90de0ff06c9bd8') in 0.040373 seconds
Number of updated asset objects reloaded before import = 0
Number of asset objects unloaded after import = 2
========================================================================
Received Import Request.
  Time since last request: 0.000595 seconds.
  path: Assets/GameAssets/Sprites/Player2.png
  artifactKey: Guid(e857859b4acb7de45ae20a1ad381d9ec) Importer(815301076,1909f56bfc062723c751e8b465ee728b)
Start importing Assets/GameAssets/Sprites/Player2.png using Guid(e857859b4acb7de45ae20a1ad381d9ec) Importer(815301076,1909f56bfc062723c751e8b465ee728b)  -> (artifact id: 'b6c82b927470c371079db8b9ead310aa') in 0.022568 seconds
Number of updated asset objects reloaded before import = 0
Number of asset objects unloaded after import = 2
========================================================================
Received Import Request.
  Time since last request: 8.767164 seconds.
  path: Assets/GameAssets/Sprites/Crosshairs/crosshair004.png
  artifactKey: Guid(ad13097262e0a0d468f7d89bd1c2da92) Importer(815301076,1909f56bfc062723c751e8b465ee728b)
Start importing Assets/GameAssets/Sprites/Crosshairs/crosshair004.png using Guid(ad13097262e0a0d468f7d89bd1c2da92) Importer(815301076,1909f56bfc062723c751e8b465ee728b)  -> (artifact id: 'fb9a72df60fc2a8ac7d065eeb9957026') in 0.059874 seconds
Number of updated asset objects reloaded before import = 0
Number of asset objects unloaded after import = 3
========================================================================
Received Import Request.
  Time since last request: 0.000016 seconds.
  path: Assets/GameAssets/Sprites/Crosshairs/crosshair009.png
  artifactKey: Guid(81c89d91d779958438b9f5440a569648) Importer(815301076,1909f56bfc062723c751e8b465ee728b)
Start importing Assets/GameAssets/Sprites/Crosshairs/crosshair009.png using Guid(81c89d91d779958438b9f5440a569648) Importer(815301076,1909f56bfc062723c751e8b465ee728b)  -> (artifact id: '3fcfd50141ab20ff5c85a99f673e0001') in 0.021976 seconds
Number of updated asset objects reloaded before import = 0
Number of asset objects unloaded after import = 3
========================================================================
Received Import Request.
  Time since last request: 0.000022 seconds.
  path: Assets/GameAssets/Sprites/Crosshairs/crosshair044.png
  artifactKey: Guid(fbbdf604f91792f4a9dad13c9e892a8a) Importer(815301076,1909f56bfc062723c751e8b465ee728b)
Start importing Assets/GameAssets/Sprites/Crosshairs/crosshair044.png using Guid(fbbdf604f91792f4a9dad13c9e892a8a) Importer(815301076,1909f56bfc062723c751e8b465ee728b)  -> (artifact id: '5b62281a8354e99afb7fd8699deaa4e6') in 0.027595 seconds
Number of updated asset objects reloaded before import = 0
Number of asset objects unloaded after import = 3
========================================================================
Received Import Request.
  Time since last request: 0.000013 seconds.
  path: Assets/GameAssets/Sprites/Crosshairs/crosshair036.png
  artifactKey: Guid(98a180cc78d4f2543b12f20d9e876370) Importer(815301076,1909f56bfc062723c751e8b465ee728b)
Start importing Assets/GameAssets/Sprites/Crosshairs/crosshair036.png using Guid(98a180cc78d4f2543b12f20d9e876370) Importer(815301076,1909f56bfc062723c751e8b465ee728b)  -> (artifact id: '83f3573b938b4608a459e620e8b240aa') in 0.026171 seconds
Number of updated asset objects reloaded before import = 0
Number of asset objects unloaded after import = 3
========================================================================
Received Import Request.
  Time since last request: 0.000017 seconds.
  path: Assets/GameAssets/Sprites/Crosshairs/crosshair049.png
  artifactKey: Guid(be1a7bed9c73dc0448cb93c6bb44f69f) Importer(815301076,1909f56bfc062723c751e8b465ee728b)
Start importing Assets/GameAssets/Sprites/Crosshairs/crosshair049.png using Guid(be1a7bed9c73dc0448cb93c6bb44f69f) Importer(815301076,1909f56bfc062723c751e8b465ee728b)  -> (artifact id: '50480fa96284e5d51e382298575bb9cb') in 0.014525 seconds
Number of updated asset objects reloaded before import = 0
Number of asset objects unloaded after import = 3
========================================================================
Received Import Request.
  Time since last request: 0.000014 seconds.
  path: Assets/GameAssets/Sprites/Crosshairs/crosshair045.png
  artifactKey: Guid(82e534e1c95fc384f958afdedfec56c3) Importer(815301076,1909f56bfc062723c751e8b465ee728b)
Start importing Assets/GameAssets/Sprites/Crosshairs/crosshair045.png using Guid(82e534e1c95fc384f958afdedfec56c3) Importer(815301076,1909f56bfc062723c751e8b465ee728b)  -> (artifact id: '7ada5bb0a8430f307db0255f40f76ecb') in 0.014279 seconds
Number of updated asset objects reloaded before import = 0
Number of asset objects unloaded after import = 3
========================================================================
Received Import Request.
  Time since last request: 0.000012 seconds.
  path: Assets/GameAssets/Sprites/Crosshairs/crosshair047.png
  artifactKey: Guid(0f35e16f5c495af48a2cadeebeaf8f06) Importer(815301076,1909f56bfc062723c751e8b465ee728b)
Start importing Assets/GameAssets/Sprites/Crosshairs/crosshair047.png using Guid(0f35e16f5c495af48a2cadeebeaf8f06) Importer(815301076,1909f56bfc062723c751e8b465ee728b)  -> (artifact id: 'c433d3644bf67bdd5e1a8458e331ea47') in 0.019171 seconds
Number of updated asset objects reloaded before import = 0
Number of asset objects unloaded after import = 3
========================================================================
Received Import Request.
  Time since last request: 0.000013 seconds.
  path: Assets/GameAssets/Sprites/Crosshairs/crosshair008.png
  artifactKey: Guid(dd05d4892feacb04fa41b15a0c976b57) Importer(815301076,1909f56bfc062723c751e8b465ee728b)
Start importing Assets/GameAssets/Sprites/Crosshairs/crosshair008.png using Guid(dd05d4892feacb04fa41b15a0c976b57) Importer(815301076,1909f56bfc062723c751e8b465ee728b)  -> (artifact id: '3b908ccc01ce92bb2522d6b2f3ddae92') in 0.013899 seconds
Number of updated asset objects reloaded before import = 0
Number of asset objects unloaded after import = 3
========================================================================
Received Import Request.
  Time since last request: 0.000015 seconds.
  path: Assets/GameAssets/Sprites/Crosshairs/crosshair005.png
  artifactKey: Guid(771bc6db47ec0694bb6d20fe699e0fef) Importer(815301076,1909f56bfc062723c751e8b465ee728b)
Start importing Assets/GameAssets/Sprites/Crosshairs/crosshair005.png using Guid(771bc6db47ec0694bb6d20fe699e0fef) Importer(815301076,1909f56bfc062723c751e8b465ee728b)  -> (artifact id: 'e99969deee48fb5bfcf9ce04aa29db10') in 0.021931 seconds
Number of updated asset objects reloaded before import = 0
Number of asset objects unloaded after import = 3
========================================================================
Received Import Request.
  Time since last request: 0.000013 seconds.
  path: Assets/GameAssets/Sprites/Crosshairs/crosshair031.png
  artifactKey: Guid(ffb13b906f9cec449920c9355cb205fb) Importer(815301076,1909f56bfc062723c751e8b465ee728b)
Start importing Assets/GameAssets/Sprites/Crosshairs/crosshair031.png using Guid(ffb13b906f9cec449920c9355cb205fb) Importer(815301076,1909f56bfc062723c751e8b465ee728b)  -> (artifact id: '4acf28ddbb5cf4785ae22db827004405') in 0.013736 seconds
Number of updated asset objects reloaded before import = 0
Number of asset objects unloaded after import = 3
========================================================================
Received Import Request.
  Time since last request: 0.000014 seconds.
  path: Assets/GameAssets/Sprites/Crosshairs/crosshair032.png
  artifactKey: Guid(6f90084762b05554b86fc1eb77004f88) Importer(815301076,1909f56bfc062723c751e8b465ee728b)
Start importing Assets/GameAssets/Sprites/Crosshairs/crosshair032.png using Guid(6f90084762b05554b86fc1eb77004f88) Importer(815301076,1909f56bfc062723c751e8b465ee728b)  -> (artifact id: '20706159524284e7abe2ceb284c47253') in 0.015476 seconds
Number of updated asset objects reloaded before import = 0
Number of asset objects unloaded after import = 3
========================================================================
Received Import Request.
  Time since last request: 0.000014 seconds.
  path: Assets/GameAssets/Sprites/Crosshairs/crosshair006.png
  artifactKey: Guid(e492f66162eae38439e19b9ad64e9c28) Importer(815301076,1909f56bfc062723c751e8b465ee728b)
Start importing Assets/GameAssets/Sprites/Crosshairs/crosshair006.png using Guid(e492f66162eae38439e19b9ad64e9c28) Importer(815301076,1909f56bfc062723c751e8b465ee728b)  -> (artifact id: '9ffc07ef5d3bb9045ce9745852aca8d2') in 0.018523 seconds
Number of updated asset objects reloaded before import = 0
Number of asset objects unloaded after import = 3
========================================================================
Received Import Request.
  Time since last request: 0.929098 seconds.
  path: Assets/GameAssets/Sprites/Crosshairs/crosshair053.png
  artifactKey: Guid(191b5581bc9da1b4e888e372a32ecdea) Importer(815301076,1909f56bfc062723c751e8b465ee728b)
Start importing Assets/GameAssets/Sprites/Crosshairs/crosshair053.png using Guid(191b5581bc9da1b4e888e372a32ecdea) Importer(815301076,1909f56bfc062723c751e8b465ee728b)  -> (artifact id: 'd19304c19175a72b59272271e6438d86') in 0.022577 seconds
Number of updated asset objects reloaded before import = 0
Number of asset objects unloaded after import = 3
========================================================================
Received Import Request.
  Time since last request: 0.000034 seconds.
  path: Assets/GameAssets/Sprites/Crosshairs/crosshair057.png
  artifactKey: Guid(6a75274dde7bb604794d18cc405f08c2) Importer(815301076,1909f56bfc062723c751e8b465ee728b)
Start importing Assets/GameAssets/Sprites/Crosshairs/crosshair057.png using Guid(6a75274dde7bb604794d18cc405f08c2) Importer(815301076,1909f56bfc062723c751e8b465ee728b)  -> (artifact id: '877fe3fb703b679ee7fa2479e3256295') in 0.046206 seconds
Number of updated asset objects reloaded before import = 0
Number of asset objects unloaded after import = 3
========================================================================
Received Import Request.
  Time since last request: 0.000038 seconds.
  path: Assets/GameAssets/Sprites/Crosshairs/crosshair060.png
  artifactKey: Guid(41b0abe7d4da7c845978cb81544d4a30) Importer(815301076,1909f56bfc062723c751e8b465ee728b)
Start importing Assets/GameAssets/Sprites/Crosshairs/crosshair060.png using Guid(41b0abe7d4da7c845978cb81544d4a30) Importer(815301076,1909f56bfc062723c751e8b465ee728b)  -> (artifact id: '12d7a0a1e9c22ab31f3aadd44d557d29') in 0.038776 seconds
Number of updated asset objects reloaded before import = 0
Number of asset objects unloaded after import = 3
========================================================================
Received Import Request.
  Time since last request: 0.000072 seconds.
  path: Assets/GameAssets/Sprites/Crosshairs/crosshair069.png
  artifactKey: Guid(03d31dde5ba29394cbbad68efe670d5c) Importer(815301076,1909f56bfc062723c751e8b465ee728b)
Start importing Assets/GameAssets/Sprites/Crosshairs/crosshair069.png using Guid(03d31dde5ba29394cbbad68efe670d5c) Importer(815301076,1909f56bfc062723c751e8b465ee728b)  -> (artifact id: '4311e80abd2cdebc943a5ac6c19d700e') in 0.036731 seconds
Number of updated asset objects reloaded before import = 0
Number of asset objects unloaded after import = 3
========================================================================
Received Import Request.
  Time since last request: 0.000024 seconds.
  path: Assets/GameAssets/Sprites/Crosshairs/crosshair068.png
  artifactKey: Guid(71177b80bc3535245aaf42769b42ce12) Importer(815301076,1909f56bfc062723c751e8b465ee728b)
Start importing Assets/GameAssets/Sprites/Crosshairs/crosshair068.png using Guid(71177b80bc3535245aaf42769b42ce12) Importer(815301076,1909f56bfc062723c751e8b465ee728b)  -> (artifact id: '01c6851fc65e8bc9154eb73b892e7837') in 0.024534 seconds
Number of updated asset objects reloaded before import = 0
Number of asset objects unloaded after import = 3
========================================================================
Received Import Request.
  Time since last request: 0.000031 seconds.
  path: Assets/GameAssets/Sprites/Crosshairs/crosshair072.png
  artifactKey: Guid(7aa4c22bdfb47824f8b12f348cb62049) Importer(815301076,1909f56bfc062723c751e8b465ee728b)
Start importing Assets/GameAssets/Sprites/Crosshairs/crosshair072.png using Guid(7aa4c22bdfb47824f8b12f348cb62049) Importer(815301076,1909f56bfc062723c751e8b465ee728b)  -> (artifact id: '46d296068b5339aec1c597f59a95f784') in 0.017525 seconds
Number of updated asset objects reloaded before import = 0
Number of asset objects unloaded after import = 3
Editor requested this worker to shutdown with reason: Scaling down because of idle timeout
TcpMessagingSession - receive error: operation aborted. errorcode: 995, details: The I/O operation has been aborted because of either a thread exit or an application request.
AssetImportWorker is now disconnected from the server
Process exiting
Exiting without the bug reporter. Application will terminate with return code 0