Using pre-set license
Built from '2022.3/staging' branch; Version is '2022.3.22f1 (887be4894c44) revision 8944612'; Using compiler version '192829333'; Build Type 'Release'
OS: 'Windows 11  (10.0.22631) 64bit Core' Language: 'en' Physical Memory: 16087 MB
BatchMode: 1, IsHumanControllingUs: 0, StartBugReporterOnCrash: 0, Is64bit: 1, IsPro: 1

COMMAND LINE ARGUMENTS:
C:\Program Files\Unity\Hub\Editor\2022.3.22f1\Editor\Unity.exe
-adb2
-batchMode
-noUpm
-name
AssetImportWorker2
-projectPath
C:/Users/rashi/Documents/GitHub/Zombieland/zombieland
-logFile
Logs/AssetImportWorker2.log
-srvPort
54970
Successfully changed project path to: C:/Users/rashi/Documents/GitHub/Zombieland/zombieland
C:/Users/rashi/Documents/GitHub/Zombieland/zombieland
[UnityMemory] Configuration Parameters - Can be set up in boot.config
    "memorysetup-bucket-allocator-granularity=16"
    "memorysetup-bucket-allocator-bucket-count=8"
    "memorysetup-bucket-allocator-block-size=33554432"
    "memorysetup-bucket-allocator-block-count=8"
    "memorysetup-main-allocator-block-size=16777216"
    "memorysetup-thread-allocator-block-size=16777216"
    "memorysetup-gfx-main-allocator-block-size=16777216"
    "memorysetup-gfx-thread-allocator-block-size=16777216"
    "memorysetup-cache-allocator-block-size=4194304"
    "memorysetup-typetree-allocator-block-size=2097152"
    "memorysetup-profiler-bucket-allocator-granularity=16"
    "memorysetup-profiler-bucket-allocator-bucket-count=8"
    "memorysetup-profiler-bucket-allocator-block-size=33554432"
    "memorysetup-profiler-bucket-allocator-block-count=8"
    "memorysetup-profiler-allocator-block-size=16777216"
    "memorysetup-profiler-editor-allocator-block-size=1048576"
    "memorysetup-temp-allocator-size-main=16777216"
    "memorysetup-job-temp-allocator-block-size=2097152"
    "memorysetup-job-temp-allocator-block-size-background=1048576"
    "memorysetup-job-temp-allocator-reduction-small-platforms=262144"
    "memorysetup-allocator-temp-initial-block-size-main=262144"
    "memorysetup-allocator-temp-initial-block-size-worker=262144"
    "memorysetup-temp-allocator-size-background-worker=32768"
    "memorysetup-temp-allocator-size-job-worker=262144"
    "memorysetup-temp-allocator-size-preload-manager=33554432"
    "memorysetup-temp-allocator-size-nav-mesh-worker=65536"
    "memorysetup-temp-allocator-size-audio-worker=65536"
    "memorysetup-temp-allocator-size-cloud-worker=32768"
    "memorysetup-temp-allocator-size-gi-baking-worker=262144"
    "memorysetup-temp-allocator-size-gfx=262144"
Player connection [7780] Host "[IP] 10.81.219.246 [Port] 0 [Flags] 2 [Guid] 1152858266 [EditorId] 1152858266 [Version] 1048832 [Id] WindowsEditor(7,MSI) [Debug] 1 [PackageName] WindowsEditor [ProjectName] Editor" joined multi-casting on [225.0.0.222:54997]...

Player connection [7780] Host "[IP] 10.81.219.246 [Port] 0 [Flags] 2 [Guid] 1152858266 [EditorId] 1152858266 [Version] 1048832 [Id] WindowsEditor(7,MSI) [Debug] 1 [PackageName] WindowsEditor [ProjectName] Editor" joined alternative multi-casting on [225.0.0.222:34997]...

[Physics::Module] Initialized MultithreadedJobDispatcher with 15 workers.
Refreshing native plugins compatible for Editor in 5341.24 ms, found 3 plugins.
Preloading 0 native plugins for Editor in 0.00 ms.
Initialize engine version: 2022.3.22f1 (887be4894c44)
[Subsystems] Discovering subsystems at path C:/Program Files/Unity/Hub/Editor/2022.3.22f1/Editor/Data/Resources/UnitySubsystems
[Subsystems] Discovering subsystems at path C:/Users/rashi/Documents/GitHub/Zombieland/zombieland/Assets
GfxDevice: creating device client; threaded=0; jobified=0
Direct3D:
    Version:  Direct3D 11.0 [level 11.1]
    Renderer: NVIDIA GeForce RTX 4060 Laptop GPU (ID=0x28a0)
    Vendor:   NVIDIA
    VRAM:     7971 MB
    Driver:   31.0.15.3667
Initialize mono
Mono path[0] = 'C:/Program Files/Unity/Hub/Editor/2022.3.22f1/Editor/Data/Managed'
Mono path[1] = 'C:/Program Files/Unity/Hub/Editor/2022.3.22f1/Editor/Data/MonoBleedingEdge/lib/mono/unityjit-win32'
Mono config path = 'C:/Program Files/Unity/Hub/Editor/2022.3.22f1/Editor/Data/MonoBleedingEdge/etc'
Using monoOptions --debugger-agent=transport=dt_socket,embedding=1,server=y,suspend=n,address=127.0.0.1:56676
Begin MonoManager ReloadAssembly
Registering precompiled unity dll's ...
Register platform support module: C:/Program Files/Unity/Hub/Editor/2022.3.22f1/Editor/Data/PlaybackEngines/WebGLSupport/UnityEditor.WebGL.Extensions.dll
Register platform support module: C:/Program Files/Unity/Hub/Editor/2022.3.22f1/Editor/Data/PlaybackEngines/WindowsStandaloneSupport/UnityEditor.WindowsStandalone.Extensions.dll
Registered in 0.288508 seconds.
- Loaded All Assemblies, in 17.030 seconds
Native extension for WindowsStandalone target not found
Native extension for WebGL target not found
Mono: successfully reloaded assembly
- Finished resetting the current domain, in  0.199 seconds
Domain Reload Profiling: 17228ms
	BeginReloadAssembly (15099ms)
		ExecutionOrderSort (0ms)
		DisableScriptedObjects (0ms)
		BackupInstance (0ms)
		ReleaseScriptingObjects (0ms)
		CreateAndSetChildDomain (1ms)
	RebuildCommonClasses (753ms)
	RebuildNativeTypeToScriptingClass (8ms)
	initialDomainReloadingComplete (328ms)
	LoadAllAssembliesAndSetupDomain (841ms)
		LoadAssemblies (15097ms)
		RebuildTransferFunctionScriptingTraits (0ms)
		AnalyzeDomain (840ms)
			TypeCache.Refresh (839ms)
				TypeCache.ScanAssembly (560ms)
			ScanForSourceGeneratedMonoScriptInfo (0ms)
			ResolveRequiredComponents (0ms)
	FinalizeReload (199ms)
		ReleaseScriptCaches (0ms)
		RebuildScriptCaches (0ms)
		SetupLoadedEditorAssemblies (156ms)
			LogAssemblyErrors (0ms)
			InitializePlatformSupportModulesInManaged (6ms)
			SetLoadedEditorAssemblies (4ms)
			RefreshPlugins (0ms)
			BeforeProcessingInitializeOnLoad (2ms)
			ProcessInitializeOnLoadAttributes (104ms)
			ProcessInitializeOnLoadMethodAttributes (40ms)
			AfterProcessingInitializeOnLoad (0ms)
			EditorAssembliesLoaded (0ms)
		ExecutionOrderSort2 (0ms)
		AwakeInstancesAfterBackupRestoration (0ms)
========================================================================
Worker process is ready to serve import requests
Begin MonoManager ReloadAssembly
- Loaded All Assemblies, in 13.572 seconds
Refreshing native plugins compatible for Editor in 23.72 ms, found 3 plugins.
Native extension for WindowsStandalone target not found
Native extension for WebGL target not found
Package Manager log level set to [2]
[Package Manager] Server::EnsureServerProcessIsRunning -- launch failed, reason: Unity was launched with the -noUpm command-line argument
[Package Manager] UpmClient::Send -- Unable to send message (not connected to UPM process).
[Package Manager] Cannot connect to Unity Package Manager local server
Mono: successfully reloaded assembly
- Finished resetting the current domain, in  1.408 seconds
Domain Reload Profiling: 14975ms
	BeginReloadAssembly (481ms)
		ExecutionOrderSort (0ms)
		DisableScriptedObjects (13ms)
		BackupInstance (0ms)
		ReleaseScriptingObjects (0ms)
		CreateAndSetChildDomain (66ms)
	RebuildCommonClasses (99ms)
	RebuildNativeTypeToScriptingClass (34ms)
	initialDomainReloadingComplete (109ms)
	LoadAllAssembliesAndSetupDomain (12843ms)
		LoadAssemblies (11723ms)
		RebuildTransferFunctionScriptingTraits (0ms)
		AnalyzeDomain (1436ms)
			TypeCache.Refresh (1387ms)
				TypeCache.ScanAssembly (1237ms)
			ScanForSourceGeneratedMonoScriptInfo (38ms)
			ResolveRequiredComponents (9ms)
	FinalizeReload (1409ms)
		ReleaseScriptCaches (0ms)
		RebuildScriptCaches (0ms)
		SetupLoadedEditorAssemblies (851ms)
			LogAssemblyErrors (0ms)
			InitializePlatformSupportModulesInManaged (16ms)
			SetLoadedEditorAssemblies (22ms)
			RefreshPlugins (0ms)
			BeforeProcessingInitializeOnLoad (126ms)
			ProcessInitializeOnLoadAttributes (632ms)
			ProcessInitializeOnLoadMethodAttributes (40ms)
			AfterProcessingInitializeOnLoad (15ms)
			EditorAssembliesLoaded (0ms)
		ExecutionOrderSort2 (0ms)
		AwakeInstancesAfterBackupRestoration (15ms)
Launched and connected shader compiler UnityShaderCompiler.exe after 0.11 seconds
Refreshing native plugins compatible for Editor in 7.19 ms, found 3 plugins.
Preloading 0 native plugins for Editor in 0.00 ms.
Unloading 3093 Unused Serialized files (Serialized files now loaded: 0)
Unloading 32 unused Assets / (57.0 KB). Loaded Objects now: 3554.
Memory consumption went from 121.4 MB to 121.3 MB.
Total: 4.829200 ms (FindLiveObjects: 0.327300 ms CreateObjectMapping: 0.135400 ms MarkObjects: 4.247300 ms  DeleteObjects: 0.117600 ms)

AssetImportParameters requested are different than current active one (requested -> active):
  custom:container-demuxer-ogg: 62fdf1f143b41e24485cea50d1cbac27 -> 
  custom:video-codec-MediaFoundation-h265: 746d11721c4dcdbdad8f713fa42b33f4 -> 
  custom:video-decoder-ogg-theora: a1e56fd34408186e4bbccfd4996cb3dc -> 
  custom:framework-win-MediaFoundation: 216162199b28c13a410421893ffa2e32 -> 
  custom:CustomObjectIndexerAttribute: 9a22284fe3817be447336de3de66b15e -> 
  custom:container-demuxer-webm: 4f35f7cbe854078d1ac9338744f61a02 -> 
  custom:container-muxer-webm: aa71ff27fc2769a1b78a27578f13a17b -> 
  custom:video-decoder-webm-vp8: 9c59270c3fd7afecdb556c50c9e8de78 -> 
  custom:SearchIndexIgnoredProperties: e643bd26f0fe6173181afceb89e7c659 -> 
  custom:AudioImporter_EditorPlatform: d09bf68614088b80899f8185d706f6e7 -> 
  custom:video-encoder-webm-vp8: eb34c28f22e8b96e1ab97ce403110664 -> 
  custom:audio-decoder-ogg-vorbis: bf7c407c2cedff20999df2af8eb42d56 -> 
  custom:audio-encoder-webm-vorbis: bf7c407c2cedff20999df2af8eb42d56 -> 
========================================================================
Received Import Request.
  Time since last request: 133236.654077 seconds.
  path: Assets/GameAssets/Sprites/MainMenu.PNG
  artifactKey: Guid(5ceb217814d3c4a42871795aa0e76dc0) Importer(815301076,1909f56bfc062723c751e8b465ee728b)
Start importing Assets/GameAssets/Sprites/MainMenu.PNG using Guid(5ceb217814d3c4a42871795aa0e76dc0) Importer(815301076,1909f56bfc062723c751e8b465ee728b)  -> (artifact id: 'b6685898abf1c3ebb655a43a6c5d13c9') in 0.139286 seconds
Number of updated asset objects reloaded before import = 0
Number of asset objects unloaded after import = 2
========================================================================
Received Import Request.
  Time since last request: 0.000068 seconds.
  path: Assets/GameAssets/Sprites/Magazine.png
  artifactKey: Guid(f24e3ec82552a1b41aabd2e597691a65) Importer(815301076,1909f56bfc062723c751e8b465ee728b)
Start importing Assets/GameAssets/Sprites/Magazine.png using Guid(f24e3ec82552a1b41aabd2e597691a65) Importer(815301076,1909f56bfc062723c751e8b465ee728b)  -> (artifact id: '056310daefbea20948bb98d94093aadb') in 0.033056 seconds
Number of updated asset objects reloaded before import = 0
Number of asset objects unloaded after import = 2
========================================================================
Received Import Request.
  Time since last request: 8.773666 seconds.
  path: Assets/GameAssets/Sprites/Crosshairs/crosshair001.png
  artifactKey: Guid(859a05d616ed1b449a4fd0b67c7ff2b8) Importer(815301076,1909f56bfc062723c751e8b465ee728b)
Start importing Assets/GameAssets/Sprites/Crosshairs/crosshair001.png using Guid(859a05d616ed1b449a4fd0b67c7ff2b8) Importer(815301076,1909f56bfc062723c751e8b465ee728b)  -> (artifact id: '499d193d129b65de21a4023b8b7651bc') in 0.072246 seconds
Number of updated asset objects reloaded before import = 0
Number of asset objects unloaded after import = 3
========================================================================
Received Import Request.
  Time since last request: 0.000015 seconds.
  path: Assets/GameAssets/Sprites/Crosshairs
  artifactKey: Guid(5b142f0150ca2a64994e67d0a2b373d1) Importer(815301076,1909f56bfc062723c751e8b465ee728b)
Start importing Assets/GameAssets/Sprites/Crosshairs using Guid(5b142f0150ca2a64994e67d0a2b373d1) Importer(815301076,1909f56bfc062723c751e8b465ee728b)  -> (artifact id: 'd7128f4aefa3792231eac5f159c37596') in 0.000341 seconds
Number of updated asset objects reloaded before import = 0
Number of asset objects unloaded after import = 0
========================================================================
Received Import Request.
  Time since last request: 0.000114 seconds.
  path: Assets/GameAssets/Sprites/Crosshairs/crosshair023.png
  artifactKey: Guid(5036a42352b41d44bab776eb7965c93d) Importer(815301076,1909f56bfc062723c751e8b465ee728b)
Start importing Assets/GameAssets/Sprites/Crosshairs/crosshair023.png using Guid(5036a42352b41d44bab776eb7965c93d) Importer(815301076,1909f56bfc062723c751e8b465ee728b)  -> (artifact id: 'a9569dfeb23f3da0d6c047639f3d4dc5') in 0.021220 seconds
Number of updated asset objects reloaded before import = 0
Number of asset objects unloaded after import = 3
========================================================================
Received Import Request.
  Time since last request: 0.000044 seconds.
  path: Assets/GameAssets/Sprites/Crosshairs/crosshair007.png
  artifactKey: Guid(38b443e624c88dc459be7a74e384b79d) Importer(815301076,1909f56bfc062723c751e8b465ee728b)
Start importing Assets/GameAssets/Sprites/Crosshairs/crosshair007.png using Guid(38b443e624c88dc459be7a74e384b79d) Importer(815301076,1909f56bfc062723c751e8b465ee728b)  -> (artifact id: '393a0aee0d700690a0fc754758e9a56b') in 0.028082 seconds
Number of updated asset objects reloaded before import = 0
Number of asset objects unloaded after import = 3
========================================================================
Received Import Request.
  Time since last request: 0.000014 seconds.
  path: Assets/GameAssets/Sprites/Crosshairs/crosshair048.png
  artifactKey: Guid(51d8091bff7a0d64bb2822b275436acb) Importer(815301076,1909f56bfc062723c751e8b465ee728b)
Start importing Assets/GameAssets/Sprites/Crosshairs/crosshair048.png using Guid(51d8091bff7a0d64bb2822b275436acb) Importer(815301076,1909f56bfc062723c751e8b465ee728b)  -> (artifact id: '944700bf2c688dbafe4f6c4b062c34cf') in 0.022280 seconds
Number of updated asset objects reloaded before import = 0
Number of asset objects unloaded after import = 3
========================================================================
Received Import Request.
  Time since last request: 0.000014 seconds.
  path: Assets/GameAssets/Sprites/Crosshairs/crosshair014.png
  artifactKey: Guid(a2339550382ddfb4496bad5a43410a20) Importer(815301076,1909f56bfc062723c751e8b465ee728b)
Start importing Assets/GameAssets/Sprites/Crosshairs/crosshair014.png using Guid(a2339550382ddfb4496bad5a43410a20) Importer(815301076,1909f56bfc062723c751e8b465ee728b)  -> (artifact id: '1d47dfac5a05feee2429dd73f1d17ecb') in 0.014516 seconds
Number of updated asset objects reloaded before import = 0
Number of asset objects unloaded after import = 3
========================================================================
Received Import Request.
  Time since last request: 0.000013 seconds.
  path: Assets/GameAssets/Sprites/Crosshairs/crosshair027.png
  artifactKey: Guid(42efd07f05d869247a7e39f7eae0553f) Importer(815301076,1909f56bfc062723c751e8b465ee728b)
Start importing Assets/GameAssets/Sprites/Crosshairs/crosshair027.png using Guid(42efd07f05d869247a7e39f7eae0553f) Importer(815301076,1909f56bfc062723c751e8b465ee728b)  -> (artifact id: 'a628d3b56c4e9de5d85f63acb8ad7088') in 0.014120 seconds
Number of updated asset objects reloaded before import = 0
Number of asset objects unloaded after import = 3
========================================================================
Received Import Request.
  Time since last request: 0.000013 seconds.
  path: Assets/GameAssets/Sprites/Crosshairs/crosshair024.png
  artifactKey: Guid(9bc1aa66e0187d54f850155fd7f63043) Importer(815301076,1909f56bfc062723c751e8b465ee728b)
Start importing Assets/GameAssets/Sprites/Crosshairs/crosshair024.png using Guid(9bc1aa66e0187d54f850155fd7f63043) Importer(815301076,1909f56bfc062723c751e8b465ee728b)  -> (artifact id: '5092d2dd6467686ed7b2c083cefaadcf') in 0.018608 seconds
Number of updated asset objects reloaded before import = 0
Number of asset objects unloaded after import = 3
========================================================================
Received Import Request.
  Time since last request: 0.000016 seconds.
  path: Assets/GameAssets/Sprites/Crosshairs/crosshair026.png
  artifactKey: Guid(93bbfdb2d086db645a7e1322ea7aec6d) Importer(815301076,1909f56bfc062723c751e8b465ee728b)
Start importing Assets/GameAssets/Sprites/Crosshairs/crosshair026.png using Guid(93bbfdb2d086db645a7e1322ea7aec6d) Importer(815301076,1909f56bfc062723c751e8b465ee728b)  -> (artifact id: 'ea85f6ae9766ceba2f248ad20b433fd9') in 0.018164 seconds
Number of updated asset objects reloaded before import = 0
Number of asset objects unloaded after import = 3
========================================================================
Received Import Request.
  Time since last request: 0.000017 seconds.
  path: Assets/GameAssets/Sprites/Crosshairs/crosshair025.png
  artifactKey: Guid(ec2a7f9178a00f041a3164e31713e888) Importer(815301076,1909f56bfc062723c751e8b465ee728b)
Start importing Assets/GameAssets/Sprites/Crosshairs/crosshair025.png using Guid(ec2a7f9178a00f041a3164e31713e888) Importer(815301076,1909f56bfc062723c751e8b465ee728b)  -> (artifact id: 'f985a2f64a353b6b2559a8f37e31fb61') in 0.021182 seconds
Number of updated asset objects reloaded before import = 0
Number of asset objects unloaded after import = 3
========================================================================
Received Import Request.
  Time since last request: 0.000022 seconds.
  path: Assets/GameAssets/Sprites/Crosshairs/crosshair033.png
  artifactKey: Guid(56d6dbd1b28f9b74dae3fb5a68334840) Importer(815301076,1909f56bfc062723c751e8b465ee728b)
Start importing Assets/GameAssets/Sprites/Crosshairs/crosshair033.png using Guid(56d6dbd1b28f9b74dae3fb5a68334840) Importer(815301076,1909f56bfc062723c751e8b465ee728b)  -> (artifact id: '82fb01db5ad3561c8591f41353307a85') in 0.015043 seconds
Number of updated asset objects reloaded before import = 0
Number of asset objects unloaded after import = 3
========================================================================
Received Import Request.
  Time since last request: 0.000013 seconds.
  path: Assets/GameAssets/Sprites/Crosshairs/crosshair034.png
  artifactKey: Guid(537571f2787f68b4cb192b0adb2795b7) Importer(815301076,1909f56bfc062723c751e8b465ee728b)
Start importing Assets/GameAssets/Sprites/Crosshairs/crosshair034.png using Guid(537571f2787f68b4cb192b0adb2795b7) Importer(815301076,1909f56bfc062723c751e8b465ee728b)  -> (artifact id: '625c40bfa202db9bb0d019a82066d715') in 0.024158 seconds
Number of updated asset objects reloaded before import = 0
Number of asset objects unloaded after import = 3
========================================================================
Received Import Request.
  Time since last request: 0.000014 seconds.
  path: Assets/GameAssets/Sprites/Crosshairs/crosshair042.png
  artifactKey: Guid(bccbc90cb0df7594e9b2daecac82f7af) Importer(815301076,1909f56bfc062723c751e8b465ee728b)
Start importing Assets/GameAssets/Sprites/Crosshairs/crosshair042.png using Guid(bccbc90cb0df7594e9b2daecac82f7af) Importer(815301076,1909f56bfc062723c751e8b465ee728b)  -> (artifact id: '20e3ad3d3097148f458f5973c3f84e97') in 0.017054 seconds
Number of updated asset objects reloaded before import = 0
Number of asset objects unloaded after import = 3
========================================================================
Received Import Request.
  Time since last request: 0.913540 seconds.
  path: Assets/GameAssets/Sprites/Crosshairs/crosshair050.png
  artifactKey: Guid(456fbcba5cb2eef45978d2cb3a8a221b) Importer(815301076,1909f56bfc062723c751e8b465ee728b)
Start importing Assets/GameAssets/Sprites/Crosshairs/crosshair050.png using Guid(456fbcba5cb2eef45978d2cb3a8a221b) Importer(815301076,1909f56bfc062723c751e8b465ee728b)  -> (artifact id: '5fddba6ec8a3ce59ce361ac079b8b400') in 0.024701 seconds
Number of updated asset objects reloaded before import = 0
Number of asset objects unloaded after import = 3
========================================================================
Received Import Request.
  Time since last request: 0.000307 seconds.
  path: Assets/GameAssets/Sprites/Crosshairs/crosshair061.png
  artifactKey: Guid(2140892a3ee03404180d0b4eb1108081) Importer(815301076,1909f56bfc062723c751e8b465ee728b)
Start importing Assets/GameAssets/Sprites/Crosshairs/crosshair061.png using Guid(2140892a3ee03404180d0b4eb1108081) Importer(815301076,1909f56bfc062723c751e8b465ee728b)  -> (artifact id: '6cbd6ee5b46573c4bbee740819d7e357') in 0.046650 seconds
Number of updated asset objects reloaded before import = 0
Number of asset objects unloaded after import = 3
========================================================================
Received Import Request.
  Time since last request: 0.000032 seconds.
  path: Assets/GameAssets/Sprites/Crosshairs/crosshair056.png
  artifactKey: Guid(b5f375c2ddb8b8044a81ce41f109bd4a) Importer(815301076,1909f56bfc062723c751e8b465ee728b)
Start importing Assets/GameAssets/Sprites/Crosshairs/crosshair056.png using Guid(b5f375c2ddb8b8044a81ce41f109bd4a) Importer(815301076,1909f56bfc062723c751e8b465ee728b)  -> (artifact id: '87f833125e484f7a6ee1005d15e761ad') in 0.035859 seconds
Number of updated asset objects reloaded before import = 0
Number of asset objects unloaded after import = 3
========================================================================
Received Import Request.
  Time since last request: 0.000046 seconds.
  path: Assets/GameAssets/Sprites/Crosshairs/crosshair066.png
  artifactKey: Guid(346d454e110c441439974aac5b3c62a5) Importer(815301076,1909f56bfc062723c751e8b465ee728b)
Start importing Assets/GameAssets/Sprites/Crosshairs/crosshair066.png using Guid(346d454e110c441439974aac5b3c62a5) Importer(815301076,1909f56bfc062723c751e8b465ee728b)  -> (artifact id: 'aeaaca94a8ab8e141cd35da758660f7c') in 0.033774 seconds
Number of updated asset objects reloaded before import = 0
Number of asset objects unloaded after import = 3
========================================================================
Received Import Request.
  Time since last request: 0.000025 seconds.
  path: Assets/GameAssets/Sprites/Crosshairs/crosshair065.png
  artifactKey: Guid(da0fc7c3325e41b41a8e5c47d23fe37b) Importer(815301076,1909f56bfc062723c751e8b465ee728b)
Start importing Assets/GameAssets/Sprites/Crosshairs/crosshair065.png using Guid(da0fc7c3325e41b41a8e5c47d23fe37b) Importer(815301076,1909f56bfc062723c751e8b465ee728b)  -> (artifact id: 'da1607f98f01608009bd6c3eb21af0c4') in 0.029635 seconds
Number of updated asset objects reloaded before import = 0
Number of asset objects unloaded after import = 3
========================================================================
Received Import Request.
  Time since last request: 0.000037 seconds.
  path: Assets/GameAssets/Sprites/Crosshairs/crosshair067.png
  artifactKey: Guid(b18aa83cedf021745abd31649dbe7137) Importer(815301076,1909f56bfc062723c751e8b465ee728b)
Start importing Assets/GameAssets/Sprites/Crosshairs/crosshair067.png using Guid(b18aa83cedf021745abd31649dbe7137) Importer(815301076,1909f56bfc062723c751e8b465ee728b)  -> (artifact id: '3925847d27506a2b7aa4bbcee707433f') in 0.019016 seconds
Number of updated asset objects reloaded before import = 0
Number of asset objects unloaded after import = 3
========================================================================
Received Prepare
Begin MonoManager ReloadAssembly
- Loaded All Assemblies, in  4.771 seconds
Refreshing native plugins compatible for Editor in 3.44 ms, found 3 plugins.
Native extension for WindowsStandalone target not found
Native extension for WebGL target not found
[Package Manager] Server::EnsureServerProcessIsRunning -- launch failed, reason: Unity was launched with the -noUpm command-line argument
[Package Manager] UpmClient::Send -- Unable to send message (not connected to UPM process).
[Package Manager] Cannot connect to Unity Package Manager local server
Mono: successfully reloaded assembly
- Finished resetting the current domain, in 28.369 seconds
Domain Reload Profiling: 33140ms
	BeginReloadAssembly (116ms)
		ExecutionOrderSort (0ms)
		DisableScriptedObjects (3ms)
		BackupInstance (0ms)
		ReleaseScriptingObjects (0ms)
		CreateAndSetChildDomain (24ms)
	RebuildCommonClasses (21ms)
	RebuildNativeTypeToScriptingClass (7ms)
	initialDomainReloadingComplete (19ms)
	LoadAllAssembliesAndSetupDomain (4606ms)
		LoadAssemblies (4649ms)
		RebuildTransferFunctionScriptingTraits (0ms)
		AnalyzeDomain (21ms)
			TypeCache.Refresh (10ms)
				TypeCache.ScanAssembly (2ms)
			ScanForSourceGeneratedMonoScriptInfo (6ms)
			ResolveRequiredComponents (5ms)
	FinalizeReload (28370ms)
		ReleaseScriptCaches (0ms)
		RebuildScriptCaches (0ms)
		SetupLoadedEditorAssemblies (924ms)
			LogAssemblyErrors (0ms)
			InitializePlatformSupportModulesInManaged (27ms)
			SetLoadedEditorAssemblies (11ms)
			RefreshPlugins (0ms)
			BeforeProcessingInitializeOnLoad (136ms)
			ProcessInitializeOnLoadAttributes (700ms)
			ProcessInitializeOnLoadMethodAttributes (38ms)
			AfterProcessingInitializeOnLoad (12ms)
			EditorAssembliesLoaded (0ms)
		ExecutionOrderSort2 (0ms)
		AwakeInstancesAfterBackupRestoration (18ms)
Refreshing native plugins compatible for Editor in 13.36 ms, found 3 plugins.
Preloading 0 native plugins for Editor in 0.00 ms.
Unloading 3203 Unused Serialized files (Serialized files now loaded: 0)
Unloading 61 unused Assets / (4.9 MB). Loaded Objects now: 3651.
Memory consumption went from 143.9 MB to 139.0 MB.
Total: 15.785100 ms (FindLiveObjects: 0.495400 ms CreateObjectMapping: 0.266100 ms MarkObjects: 9.292800 ms  DeleteObjects: 5.728400 ms)

Prepare: number of updated asset objects reloaded= 0
AssetImportParameters requested are different than current active one (requested -> active):
  custom:container-demuxer-ogg: 62fdf1f143b41e24485cea50d1cbac27 -> 
  custom:video-codec-MediaFoundation-h265: 746d11721c4dcdbdad8f713fa42b33f4 -> 
  custom:video-decoder-ogg-theora: a1e56fd34408186e4bbccfd4996cb3dc -> 
  custom:framework-win-MediaFoundation: 216162199b28c13a410421893ffa2e32 -> 
  custom:CustomObjectIndexerAttribute: 9a22284fe3817be447336de3de66b15e -> 
  custom:container-demuxer-webm: 4f35f7cbe854078d1ac9338744f61a02 -> 
  custom:container-muxer-webm: aa71ff27fc2769a1b78a27578f13a17b -> 
  custom:video-decoder-webm-vp8: 9c59270c3fd7afecdb556c50c9e8de78 -> 
  custom:SearchIndexIgnoredProperties: e643bd26f0fe6173181afceb89e7c659 -> 
  custom:AudioImporter_EditorPlatform: d09bf68614088b80899f8185d706f6e7 -> 
  custom:video-encoder-webm-vp8: eb34c28f22e8b96e1ab97ce403110664 -> 
  custom:audio-decoder-ogg-vorbis: bf7c407c2cedff20999df2af8eb42d56 -> 
  custom:audio-encoder-webm-vorbis: bf7c407c2cedff20999df2af8eb42d56 -> 
========================================================================
Received Import Request.
  Time since last request: 2541.441063 seconds.
  path: Assets/Flooded_Grounds/Scenes/Postprocess_FloodedGrounds.asset
  artifactKey: Guid(29ac70c6bc481c64fb76807cbc16dc82) Importer(815301076,1909f56bfc062723c751e8b465ee728b)
Start importing Assets/Flooded_Grounds/Scenes/Postprocess_FloodedGrounds.asset using Guid(29ac70c6bc481c64fb76807cbc16dc82) Importer(815301076,1909f56bfc062723c751e8b465ee728b)  -> (artifact id: '5361a9e31fe7db6d586eac7932b5393d') in 0.016020 seconds
Number of updated asset objects reloaded before import = 0
Number of asset objects unloaded after import = 1
========================================================================
Received Import Request.
  Time since last request: 0.000013 seconds.
  path: Assets/Flooded_Grounds/Scenes
  artifactKey: Guid(31e2e1d8e55bde84ea36da51fd5c6a03) Importer(815301076,1909f56bfc062723c751e8b465ee728b)
Start importing Assets/Flooded_Grounds/Scenes using Guid(31e2e1d8e55bde84ea36da51fd5c6a03) Importer(815301076,1909f56bfc062723c751e8b465ee728b)  -> (artifact id: 'b341e2e590525aac9ed33f9afbd20840') in 0.000357 seconds
Number of updated asset objects reloaded before import = 0
Number of asset objects unloaded after import = 0
========================================================================
Received Import Request.
  Time since last request: 2.137506 seconds.
  path: Assets/Flooded_Grounds/Scenes/Scene_A.unity
  artifactKey: Guid(c0d944ca9defd20449bc336e50d75a08) Importer(815301076,1909f56bfc062723c751e8b465ee728b)
Start importing Assets/Flooded_Grounds/Scenes/Scene_A.unity using Guid(c0d944ca9defd20449bc336e50d75a08) Importer(815301076,1909f56bfc062723c751e8b465ee728b)  -> (artifact id: '15b69088d6f3ee1935fd3b008ce53e8d') in 0.000452 seconds
Number of updated asset objects reloaded before import = 0
Number of asset objects unloaded after import = 0
========================================================================
Received Prepare
Begin MonoManager ReloadAssembly
- Loaded All Assemblies, in  0.436 seconds
Refreshing native plugins compatible for Editor in 1.54 ms, found 3 plugins.
Native extension for WindowsStandalone target not found
Native extension for WebGL target not found
[Package Manager] Server::EnsureServerProcessIsRunning -- launch failed, reason: Unity was launched with the -noUpm command-line argument
[Package Manager] UpmClient::Send -- Unable to send message (not connected to UPM process).
[Package Manager] Cannot connect to Unity Package Manager local server
Mono: successfully reloaded assembly
- Finished resetting the current domain, in  0.940 seconds
Domain Reload Profiling: 1374ms
	BeginReloadAssembly (137ms)
		ExecutionOrderSort (0ms)
		DisableScriptedObjects (4ms)
		BackupInstance (0ms)
		ReleaseScriptingObjects (0ms)
		CreateAndSetChildDomain (30ms)
	RebuildCommonClasses (25ms)
	RebuildNativeTypeToScriptingClass (7ms)
	initialDomainReloadingComplete (27ms)
	LoadAllAssembliesAndSetupDomain (238ms)
		LoadAssemblies (306ms)
		RebuildTransferFunctionScriptingTraits (0ms)
		AnalyzeDomain (9ms)
			TypeCache.Refresh (4ms)
				TypeCache.ScanAssembly (0ms)
			ScanForSourceGeneratedMonoScriptInfo (0ms)
			ResolveRequiredComponents (4ms)
	FinalizeReload (941ms)
		ReleaseScriptCaches (0ms)
		RebuildScriptCaches (0ms)
		SetupLoadedEditorAssemblies (306ms)
			LogAssemblyErrors (0ms)
			InitializePlatformSupportModulesInManaged (10ms)
			SetLoadedEditorAssemblies (3ms)
			RefreshPlugins (0ms)
			BeforeProcessingInitializeOnLoad (47ms)
			ProcessInitializeOnLoadAttributes (226ms)
			ProcessInitializeOnLoadMethodAttributes (16ms)
			AfterProcessingInitializeOnLoad (5ms)
			EditorAssembliesLoaded (0ms)
		ExecutionOrderSort2 (0ms)
		AwakeInstancesAfterBackupRestoration (6ms)
Refreshing native plugins compatible for Editor in 1.76 ms, found 3 plugins.
Preloading 0 native plugins for Editor in 0.00 ms.
Unloading 3203 Unused Serialized files (Serialized files now loaded: 0)
Unloading 61 unused Assets / (4.9 MB). Loaded Objects now: 3654.
Memory consumption went from 145.9 MB to 141.0 MB.
Total: 3.335300 ms (FindLiveObjects: 0.171800 ms CreateObjectMapping: 0.063000 ms MarkObjects: 1.978600 ms  DeleteObjects: 1.120900 ms)

Prepare: number of updated asset objects reloaded= 0
AssetImportParameters requested are different than current active one (requested -> active):
  custom:container-demuxer-ogg: 62fdf1f143b41e24485cea50d1cbac27 -> 
  custom:video-codec-MediaFoundation-h265: 746d11721c4dcdbdad8f713fa42b33f4 -> 
  custom:video-decoder-ogg-theora: a1e56fd34408186e4bbccfd4996cb3dc -> 
  custom:framework-win-MediaFoundation: 216162199b28c13a410421893ffa2e32 -> 
  custom:CustomObjectIndexerAttribute: 9a22284fe3817be447336de3de66b15e -> 
  custom:container-demuxer-webm: 4f35f7cbe854078d1ac9338744f61a02 -> 
  custom:container-muxer-webm: aa71ff27fc2769a1b78a27578f13a17b -> 
  custom:video-decoder-webm-vp8: 9c59270c3fd7afecdb556c50c9e8de78 -> 
  custom:SearchIndexIgnoredProperties: e643bd26f0fe6173181afceb89e7c659 -> 
  custom:AudioImporter_EditorPlatform: d09bf68614088b80899f8185d706f6e7 -> 
  custom:video-encoder-webm-vp8: eb34c28f22e8b96e1ab97ce403110664 -> 
  custom:audio-decoder-ogg-vorbis: bf7c407c2cedff20999df2af8eb42d56 -> 
  custom:audio-encoder-webm-vorbis: bf7c407c2cedff20999df2af8eb42d56 -> 
========================================================================
Received Import Request.
  Time since last request: 4365.587173 seconds.
  path: Assets/GameAssets
  artifactKey: Guid(e5b70b3151f867e4bbfa742c7c03f87e) Importer(815301076,1909f56bfc062723c751e8b465ee728b)
Start importing Assets/GameAssets using Guid(e5b70b3151f867e4bbfa742c7c03f87e) Importer(815301076,1909f56bfc062723c751e8b465ee728b)  -> (artifact id: '0dea7a1124e0f3804b70848f9e5c7c85') in 0.005021 seconds
Number of updated asset objects reloaded before import = 0
Number of asset objects unloaded after import = 0
========================================================================
Received Import Request.
  Time since last request: 13.150745 seconds.
  path: Assets/GameAssets/Players
  artifactKey: Guid(0b2039c0cd6b10d4183996671150edaf) Importer(815301076,1909f56bfc062723c751e8b465ee728b)
Start importing Assets/GameAssets/Players using Guid(0b2039c0cd6b10d4183996671150edaf) Importer(815301076,1909f56bfc062723c751e8b465ee728b)  -> (artifact id: '0f84737064c0c1189d157bcb62f754b9') in 0.000537 seconds
Number of updated asset objects reloaded before import = 0
Number of asset objects unloaded after import = 0
========================================================================
Received Import Request.
  Time since last request: 56.411963 seconds.
  path: Assets/GameAssets/Players/Ch01_nonPBR.fbx
  artifactKey: Guid(b42bb073484fd934c83825422f76b56b) Importer(815301076,1909f56bfc062723c751e8b465ee728b)
Start importing Assets/GameAssets/Players/Ch01_nonPBR.fbx using Guid(b42bb073484fd934c83825422f76b56b) Importer(815301076,1909f56bfc062723c751e8b465ee728b)  -> (artifact id: '6758f1c02397a67b851414928f3d931e') in 1.356323 seconds
Number of updated asset objects reloaded before import = 0
Number of asset objects unloaded after import = 157
========================================================================
Received Import Request.
  Time since last request: 0.000024 seconds.
  path: Assets/GameAssets/Players/Ch38_nonPBR.fbx
  artifactKey: Guid(66248b3f01a3d1b4b98e6472b5fa2df3) Importer(815301076,1909f56bfc062723c751e8b465ee728b)
Start importing Assets/GameAssets/Players/Ch38_nonPBR.fbx using Guid(66248b3f01a3d1b4b98e6472b5fa2df3) Importer(815301076,1909f56bfc062723c751e8b465ee728b)  -> (artifact id: '2a657751ac3578954dd07107138da626') in 0.148565 seconds
Number of updated asset objects reloaded before import = 0
Number of asset objects unloaded after import = 165
========================================================================
Received Import Request.
  Time since last request: 610.421672 seconds.
  path: Assets/GameAssets/Players/Ch01_nonPBR.fbx
  artifactKey: Guid(b42bb073484fd934c83825422f76b56b) Importer(815301076,1909f56bfc062723c751e8b465ee728b)
Start importing Assets/GameAssets/Players/Ch01_nonPBR.fbx using Guid(b42bb073484fd934c83825422f76b56b) Importer(815301076,1909f56bfc062723c751e8b465ee728b)  -> (artifact id: '25244207a1feb053614d47cb45953dc4') in 0.104722 seconds
Number of updated asset objects reloaded before import = 0
Number of asset objects unloaded after import = 159
========================================================================
Received Import Request.
  Time since last request: 9.509246 seconds.
  path: Assets/GameAssets/Players/Ch02_nonPBR.fbx
  artifactKey: Guid(e6fd736d9e8b4bb49b7f93e53b3afe19) Importer(815301076,1909f56bfc062723c751e8b465ee728b)
Start importing Assets/GameAssets/Players/Ch02_nonPBR.fbx using Guid(e6fd736d9e8b4bb49b7f93e53b3afe19) Importer(815301076,1909f56bfc062723c751e8b465ee728b)  -> (artifact id: '678fdf366b0ac4851fb5ef2cd293d891') in 0.102752 seconds
Number of updated asset objects reloaded before import = 0
Number of asset objects unloaded after import = 163
========================================================================
Received Import Request.
  Time since last request: 11.375024 seconds.
  path: Assets/GameAssets/Players/Ch38_nonPBR.fbx
  artifactKey: Guid(66248b3f01a3d1b4b98e6472b5fa2df3) Importer(815301076,1909f56bfc062723c751e8b465ee728b)
Start importing Assets/GameAssets/Players/Ch38_nonPBR.fbx using Guid(66248b3f01a3d1b4b98e6472b5fa2df3) Importer(815301076,1909f56bfc062723c751e8b465ee728b)  -> (artifact id: '4a9b77531332a40d9b7545c511c2b516') in 0.111899 seconds
Number of updated asset objects reloaded before import = 0
Number of asset objects unloaded after import = 167
========================================================================
Received Import Request.
  Time since last request: 79.420844 seconds.
  path: Assets/GameAssets/Players/Texture
  artifactKey: Guid(ee55ce98da183aa4ab1868ccd6c0a424) Importer(815301076,1909f56bfc062723c751e8b465ee728b)
Start importing Assets/GameAssets/Players/Texture using Guid(ee55ce98da183aa4ab1868ccd6c0a424) Importer(815301076,1909f56bfc062723c751e8b465ee728b)  -> (artifact id: 'ea4bd6c47d162a2a629d3e29cf767c86') in 0.000690 seconds
Number of updated asset objects reloaded before import = 0
Number of asset objects unloaded after import = 0
========================================================================
Received Import Request.
  Time since last request: 10.757577 seconds.
  path: Assets/GameAssets/Players/Material
  artifactKey: Guid(eedfd6582d4dd44429d9c7f9207937e5) Importer(815301076,1909f56bfc062723c751e8b465ee728b)
Start importing Assets/GameAssets/Players/Material using Guid(eedfd6582d4dd44429d9c7f9207937e5) Importer(815301076,1909f56bfc062723c751e8b465ee728b)  -> (artifact id: 'e7ad489bb565f8ce5636b0df6d863b8c') in 0.000447 seconds
Number of updated asset objects reloaded before import = 0
Number of asset objects unloaded after import = 0
========================================================================
Received Import Request.
  Time since last request: 13.400215 seconds.
  path: Assets/GameAssets/Players/Ch01_nonPBR.fbx
  artifactKey: Guid(b42bb073484fd934c83825422f76b56b) Importer(815301076,1909f56bfc062723c751e8b465ee728b)
Start importing Assets/GameAssets/Players/Ch01_nonPBR.fbx using Guid(b42bb073484fd934c83825422f76b56b) Importer(815301076,1909f56bfc062723c751e8b465ee728b)  -> (artifact id: '537c416c3d0c2d8869e606db4ab0abd1') in 0.343910 seconds
Number of updated asset objects reloaded before import = 0
Number of asset objects unloaded after import = 161
========================================================================
Received Import Request.
  Time since last request: 3.175799 seconds.
  path: Assets/GameAssets/Players/Ch01_nonPBR.fbx
  artifactKey: Guid(b42bb073484fd934c83825422f76b56b) Importer(815301076,1909f56bfc062723c751e8b465ee728b)
Start importing Assets/GameAssets/Players/Ch01_nonPBR.fbx using Guid(b42bb073484fd934c83825422f76b56b) Importer(815301076,1909f56bfc062723c751e8b465ee728b)  -> (artifact id: '83df8067d0db961342ebbc4a0737b651') in 0.076809 seconds
Number of updated asset objects reloaded before import = 0
Number of asset objects unloaded after import = 161
========================================================================
Received Import Request.
  Time since last request: 531.558363 seconds.
  path: Assets/Flooded_Grounds/Content/Materials/ATM_DustParticle.mat
  artifactKey: Guid(43af489cd38ff014e8e9a7a8cea78a7e) Importer(815301076,1909f56bfc062723c751e8b465ee728b)
Start importing Assets/Flooded_Grounds/Content/Materials/ATM_DustParticle.mat using Guid(43af489cd38ff014e8e9a7a8cea78a7e) Importer(815301076,1909f56bfc062723c751e8b465ee728b)  -> (artifact id: '84fe0212fd5a2fbfa30e3126a2cfe7cd') in 0.040602 seconds
Number of updated asset objects reloaded before import = 0
Number of asset objects unloaded after import = 2
========================================================================
Received Import Request.
  Time since last request: 0.000017 seconds.
  path: Assets/Flooded_Grounds/Content/Materials/BGR_Water.mat
  artifactKey: Guid(a56782aef2f1bd34285fe34f78a0b957) Importer(815301076,1909f56bfc062723c751e8b465ee728b)
Start importing Assets/Flooded_Grounds/Content/Materials/BGR_Water.mat using Guid(a56782aef2f1bd34285fe34f78a0b957) Importer(815301076,1909f56bfc062723c751e8b465ee728b)  -> (artifact id: '39be927e942e3895453e604a5631e55f') in 0.288832 seconds
Number of updated asset objects reloaded before import = 0
Number of asset objects unloaded after import = 8
========================================================================
Received Import Request.
  Time since last request: 0.000022 seconds.
  path: Assets/Flooded_Grounds/Content/Materials/BLD_Cabins_Mossy.mat
  artifactKey: Guid(0491e1d077b3ca643a27b77d56cc03b3) Importer(815301076,1909f56bfc062723c751e8b465ee728b)
Start importing Assets/Flooded_Grounds/Content/Materials/BLD_Cabins_Mossy.mat using Guid(0491e1d077b3ca643a27b77d56cc03b3) Importer(815301076,1909f56bfc062723c751e8b465ee728b)  -> (artifact id: 'c41e61f0ec83a8a158f9ba938d56bd13') in 0.199326 seconds
Number of updated asset objects reloaded before import = 0
Number of asset objects unloaded after import = 11
========================================================================
Received Import Request.
  Time since last request: 0.000014 seconds.
  path: Assets/GameAssets/Fonts/Bronx-Bystreets - PERSONAL USE ONLY.ttf
  artifactKey: Guid(defd4dc61e7833543837d57fd8e5631b) Importer(815301076,1909f56bfc062723c751e8b465ee728b)
Start importing Assets/GameAssets/Fonts/Bronx-Bystreets - PERSONAL USE ONLY.ttf using Guid(defd4dc61e7833543837d57fd8e5631b) Importer(815301076,1909f56bfc062723c751e8b465ee728b)  -> (artifact id: '6153b2db6c450f9e2387e23d8be1ac58') in 0.049952 seconds
Number of updated asset objects reloaded before import = 0
Number of asset objects unloaded after import = 4
========================================================================
Received Import Request.
  Time since last request: 0.000017 seconds.
  path: Assets/Flooded_Grounds/PostProcessing/Utilities/CustomMotionTexture/Materials/DebugQuad.mat
  artifactKey: Guid(3c40c8fdc50a841579d7cb15882ac9d9) Importer(815301076,1909f56bfc062723c751e8b465ee728b)
Start importing Assets/Flooded_Grounds/PostProcessing/Utilities/CustomMotionTexture/Materials/DebugQuad.mat using Guid(3c40c8fdc50a841579d7cb15882ac9d9) Importer(815301076,1909f56bfc062723c751e8b465ee728b)  -> (artifact id: 'aaac57cd34e751da7683962c9261effc') in 0.033518 seconds
Number of updated asset objects reloaded before import = 0
Number of asset objects unloaded after import = 2
========================================================================
Received Import Request.
  Time since last request: 0.000022 seconds.
  path: Assets/Flooded_Grounds/Prefabs/Nature/Trees/TreeCreator_Bush_A.prefab
  artifactKey: Guid(2c33c759b6bfb1448a79429a0c761b44) Importer(815301076,1909f56bfc062723c751e8b465ee728b)
Start importing Assets/Flooded_Grounds/Prefabs/Nature/Trees/TreeCreator_Bush_A.prefab using Guid(2c33c759b6bfb1448a79429a0c761b44) Importer(815301076,1909f56bfc062723c751e8b465ee728b)  -> (artifact id: '97c9328c312c40ff6a2c5b27b1e04a4c') in 0.325705 seconds
Number of updated asset objects reloaded before import = 0
Number of asset objects unloaded after import = 33
========================================================================
Received Import Request.
  Time since last request: 0.000018 seconds.
  path: Assets/Flooded_Grounds/Content/Materials/NAT_Bush1.mat
  artifactKey: Guid(d26ea6fcc09300042a18c16ba1ac7887) Importer(815301076,1909f56bfc062723c751e8b465ee728b)
Start importing Assets/Flooded_Grounds/Content/Materials/NAT_Bush1.mat using Guid(d26ea6fcc09300042a18c16ba1ac7887) Importer(815301076,1909f56bfc062723c751e8b465ee728b)  -> (artifact id: '9abf146f09bcf245321835a714317840') in 0.119452 seconds
Number of updated asset objects reloaded before import = 0
Number of asset objects unloaded after import = 6
========================================================================
Received Import Request.
  Time since last request: 0.000032 seconds.
  path: Assets/Flooded_Grounds/Content/Materials/NAT_CobbleRocks1.mat
  artifactKey: Guid(eead33dff5f6ab2478ffa03b71e6e931) Importer(815301076,1909f56bfc062723c751e8b465ee728b)
Start importing Assets/Flooded_Grounds/Content/Materials/NAT_CobbleRocks1.mat using Guid(eead33dff5f6ab2478ffa03b71e6e931) Importer(815301076,1909f56bfc062723c751e8b465ee728b)  -> (artifact id: 'fb431b3ca510a2b0991d6d9df248a47e') in 0.032556 seconds
Number of updated asset objects reloaded before import = 0
Number of asset objects unloaded after import = 9
========================================================================
Received Import Request.
  Time since last request: 0.000014 seconds.
  path: Assets/Flooded_Grounds/Prefabs/Nature/Trees/TreeCreator_Small_B.prefab
  artifactKey: Guid(01643aaa7b23a2a45a76b3dc86715fab) Importer(815301076,1909f56bfc062723c751e8b465ee728b)
Start importing Assets/Flooded_Grounds/Prefabs/Nature/Trees/TreeCreator_Small_B.prefab using Guid(01643aaa7b23a2a45a76b3dc86715fab) Importer(815301076,1909f56bfc062723c751e8b465ee728b)  -> (artifact id: '00d74dd6d1f69633741830255a38b47e') in 0.054171 seconds
Number of updated asset objects reloaded before import = 0
Number of asset objects unloaded after import = 44
========================================================================
Received Import Request.
  Time since last request: 0.000013 seconds.
  path: Assets/Flooded_Grounds/Content/Materials/HLP_Grid.mat
  artifactKey: Guid(e7336c2c46c86f54b9ad60ce08b10dec) Importer(815301076,1909f56bfc062723c751e8b465ee728b)
Start importing Assets/Flooded_Grounds/Content/Materials/HLP_Grid.mat using Guid(e7336c2c46c86f54b9ad60ce08b10dec) Importer(815301076,1909f56bfc062723c751e8b465ee728b)  -> (artifact id: '29f67e9f6a465cd84d4ff856a1d0ade6') in 0.090561 seconds
Number of updated asset objects reloaded before import = 0
Number of asset objects unloaded after import = 2
========================================================================
Received Import Request.
  Time since last request: 0.000018 seconds.
  path: Assets/Flooded_Grounds/Prefabs/Nature/Trees/TreeCreator_Crinkly_A.prefab
  artifactKey: Guid(cfe0412d7fa12f243b181e3f547a2294) Importer(815301076,1909f56bfc062723c751e8b465ee728b)
Start importing Assets/Flooded_Grounds/Prefabs/Nature/Trees/TreeCreator_Crinkly_A.prefab using Guid(cfe0412d7fa12f243b181e3f547a2294) Importer(815301076,1909f56bfc062723c751e8b465ee728b)  -> (artifact id: '09420366581333c8302ae8f93069549e') in 0.045275 seconds
Number of updated asset objects reloaded before import = 0
Number of asset objects unloaded after import = 38
Editor requested this worker to shutdown with reason: Scaling down because of idle timeout
TcpMessagingSession - receive error
AssetImportWorkerClient::OnTransportError - code=2 error=End of file
AssetImportWorker is now disconnected from the server
Process exiting
Exiting without the bug reporter. Application will terminate with return code 0